2017-12-25 08:20:42:打开软件MacSaver
2017-12-25 08:21:53:成功检测到串口-CC2640
2017-12-25 08:22:20:当前mac地址已存在:('2017-12-25 08:22:19', 'c8 b2 1e 1e 4a cb', 'CS2.3')
2017-12-25 08:22:22:当前mac地址已存在:('2017-12-25 08:22:20', 'c8 b2 1e 1e 4a cb', 'CS2.3')
2017-12-25 08:22:23:当前mac地址已存在:('2017-12-25 08:22:22', 'c8 b2 1e 1e 4a cb', 'CS2.3')
2017-12-25 08:22:42:当前mac地址已存在:('2017-12-25 08:22:41', 'c8 b2 1e 1e 4a a5', 'CS2.3')
2017-12-25 08:22:44:当前mac地址已存在:('2017-12-25 08:22:42', 'c8 b2 1e 1e 4a a5', 'CS2.3')
2017-12-25 08:22:45:当前mac地址已存在:('2017-12-25 08:22:44', 'c8 b2 1e 1e 4a a5', 'CS2.3')
2017-12-25 08:24:14:打开软件MacSaver
2017-12-25 08:24:15:成功检测到串口-CC2640
2017-12-25 08:25:17:打开软件MacSaver
2017-12-25 08:25:18:成功检测到串口-CC2640
2017-12-25 08:30:00:打开软件MacSaver
2017-12-25 08:30:01:成功检测到串口-CC2640
2017-12-25 08:31:14:打开软件MacSaver
2017-12-25 08:31:14:成功检测到串口-CC2640
2017-12-25 08:36:28:打开软件MacSaver
2017-12-25 08:36:29:成功检测到串口-CC2640
2017-12-25 08:37:15:打开软件MacSaver
2017-12-25 08:37:16:成功检测到串口-CC2640
2017-12-25 08:38:53:打开软件MacSaver
2017-12-25 08:38:54:成功检测到串口-CC2640
2017-12-25 08:46:05:打开软件MacSaver
2017-12-25 08:46:06:成功检测到串口-CC2640
2017-12-25 08:46:33:打开软件MacSaver
2017-12-25 08:46:34:成功检测到串口-CC2640
2017-12-25 08:47:23:打开软件MacSaver
2017-12-25 08:47:42:打开软件MacSaver
2017-12-25 08:47:43:成功检测到串口-CC2640
2017-12-25 09:00:19:打开软件MacSaver
2017-12-25 09:00:20:成功检测到串口-CC2640
2017-12-25 09:10:37:打开软件MacSaver
2017-12-25 09:10:38:成功检测到串口-CC2640
2017-12-25 09:11:12:成功检测到串口-CC2640
2017-12-25 09:11:22:当前mac地址已存在:('2017-12-25 08:22:45', 'c8 b2 1e 1e 4a a5', 'CS2.3')
2017-12-25 09:11:38:打开软件MacSaver
2017-12-25 09:11:39:成功检测到串口-CC2640
2017-12-25 09:11:40:当前mac地址已存在:('2017-12-25 09:11:22', 'c8 b2 1e 1e 4a a5', 'CS2.3')
2017-12-25 09:11:43:此蓝牙设备已测试过，检查是否混料！c8 b2 1e 1e 4a a5
2017-12-25 09:11:45:当前mac地址已存在:('2017-12-25 09:11:40', 'c8 b2 1e 1e 4a a5', 'CS2.3')
2017-12-25 09:11:46:当前mac地址已存在:('2017-12-25 09:11:45', 'c8 b2 1e 1e 4a a5', 'CS2.3')
2017-12-25 09:11:46:当前mac地址已存在:('2017-12-25 09:11:46', 'c8 b2 1e 1e 4a a5', 'CS2.3')
2017-12-25 09:11:46:当前mac地址已存在:('2017-12-25 09:11:46', 'c8 b2 1e 1e 4a a5', 'CS2.3')
2017-12-25 09:11:47:当前mac地址已存在:('2017-12-25 09:11:46', 'c8 b2 1e 1e 4a a5', 'CS2.3')
2017-12-25 09:11:49:当前mac地址已存在:('2017-12-25 09:11:47', 'c8 b2 1e 1e 4a a5', 'CS2.3')
