2017-10-26:打开软件MacSaver
2017-10-26:成功检测到串口-CC2640
2017-10-26:当前mac地址已存在:('2017-10-26 15:36:56', 'c8 b2 1e 20 3c ce')
2017-10-26:打开软件MacSaver
2017-10-26:打开软件MacSaver
2017-10-26:打开软件MacSaver
2017-10-26:成功检测到串口-CC2640
2017-10-26:打开软件MacSaver
2017-10-26:打开软件MacSaver
2017-10-26:打开软件MacSaver
2017-10-26:打开软件MacSaver
2017-10-26:打开软件MacSaver
2017-10-26:打开软件MacSaver
2017-10-26:打开软件MacSaver
2017-10-26:打开软件MacSaver
2017-10-26:打开软件MacSaver
2017-10-26:打开软件MacSaver
2017-10-26:成功检测到串口-CC2640
2017-10-26:打开软件MacSaver
2017-10-26:成功检测到串口-CC2640
2017-10-26:当前mac地址已存在:('2017-10-26 18:50:40', 'c8 b2 1e 20 3c b6')
2017-10-26:当前mac地址已存在:('2017-10-26 18:51:08', 'c8 b2 1e 20 3c e2')
2017-10-26:当前mac地址已存在:('2017-10-26 18:51:10', 'c8 b2 1e 20 3c e2')
2017-10-26:当前mac地址已存在:('2017-10-26 18:51:13', 'c8 b2 1e 20 3c e2')
2017-10-26:当前mac地址已存在:('2017-10-26 18:51:15', 'c8 b2 1e 20 3c e2')
2017-10-26:当前mac地址已存在:('2017-10-26 18:51:18', 'c8 b2 1e 20 3c e2')
2017-10-26:当前mac地址已存在:('2017-10-26 18:51:20', 'c8 b2 1e 20 3c e2')
2017-10-26:当前mac地址已存在:('2017-10-26 18:51:23', 'c8 b2 1e 20 3c e2')
2017-10-26:当前mac地址已存在:('2017-10-26 18:51:25', 'c8 b2 1e 20 3c e2')
2017-10-26:当前mac地址已存在:('2017-10-26 18:51:28', 'c8 b2 1e 20 3c e2')
2017-10-26:当前mac地址已存在:('2017-10-26 18:51:31', 'c8 b2 1e 20 3c e2')
2017-10-26:当前mac地址已存在:('2017-10-26 18:51:33', 'c8 b2 1e 20 3c e2')
2017-10-26:当前mac地址已存在:('2017-10-26 18:51:36', 'c8 b2 1e 20 3c e2')
2017-10-26:当前mac地址已存在:('2017-10-26 18:51:38', 'c8 b2 1e 20 3c e2')
2017-10-26:当前mac地址已存在:('2017-10-26 18:51:40', 'c8 b2 1e 20 3c e2')
2017-10-26:当前mac地址已存在:('2017-10-26 18:51:43', 'c8 b2 1e 20 3c e2')
2017-10-26:当前mac地址已存在:('2017-10-26 18:51:45', 'c8 b2 1e 20 3c e2')
2017-10-26:当前mac地址已存在:('2017-10-26 18:51:48', 'c8 b2 1e 20 3c e2')
2017-10-26:打开软件MacSaver
2017-10-26:打开软件MacSaver
2017-10-26:打开软件MacSaver
2017-10-26:打开软件MacSaver
2017-10-26:打开软件MacSaver
2017-10-26:打开软件MacSaver
2017-10-26:打开软件MacSaver
2017-10-26:打开软件MacSaver
2017-10-26:打开软件MacSaver
2017-10-26:打开软件MacSaver
2017-10-26:打开软件MacSaver
2017-10-26:get_defualt_num异常：no such table: mac_address_table
2017-10-26:打开软件MacSaver
2017-10-26:get_defualt_num异常：no such table: mac_address_table
2017-10-26:打开软件MacSaver
2017-10-26:get_defualt_num异常：no such table: mac_address_table
2017-10-26:打开软件MacSaver
2017-10-26:get_defualt_num异常：no such table: mac_address_table
2017-10-26:打开软件MacSaver
2017-10-26:get_defualt_num异常：no such table: mac_address_table
2017-10-26:打开软件MacSaver
2017-10-26:get_defualt_num异常：no such table: mac_address_table
2017-10-26:打开软件MacSaver
2017-10-26:打开软件MacSaver
2017-10-26:打开软件MacSaver
2017-10-26:打开软件MacSaver
2017-10-26:打开软件MacSaver
2017-10-26:打开软件MacSaver
2017-10-26:get_defualt_num异常：no such table: mac_address_table
2017-10-26:打开软件MacSaver
2017-10-26:get_defualt_num异常：no such table: mac_address_table
2017-10-26:打开软件MacSaver
2017-10-26:get_defualt_num异常：no such table: mac_address_table
2017-10-26:打开软件MacSaver
2017-10-26:get_defualt_num异常：no such table: mac_address_table
2017-10-26:打开软件MacSaver
2017-10-26:打开软件MacSaver
2017-10-26:get_defualt_num异常：no such table: mac_address_table
2017-10-26:打开软件MacSaver
2017-10-26:get_defualt_num异常：no such table: mac_address_table
2017-10-26:打开软件MacSaver
2017-10-26:get_defualt_num异常：no such table: mac_address_table
2017-10-26:打开软件MacSaver
2017-10-26:get_defualt_num异常：no such table: mac_address_table
2017-10-26:打开软件MacSaver
2017-10-26:get_defualt_num异常：no such table: mac_address_table
2017-10-26:打开软件MacSaver
2017-10-26:get_defualt_num异常：no such table: mac_address_table
2017-10-26:打开软件MacSaver
