2017-11-13 10:03:39:打开软件MacSaver
2017-11-13 10:04:48:成功检测到串口-CC2640
2017-11-13 10:04:54:打开软件MacSaver
2017-11-13 10:04:54:成功检测到串口-CC2640
2017-11-13 10:05:00:打开软件MacSaver
2017-11-13 10:05:00:成功检测到串口-CC2640
2017-11-13 10:05:05:打开软件MacSaver
2017-11-13 10:05:06:成功检测到串口-CC2640
2017-11-13 11:21:27:打开软件MacSaver
2017-11-13 11:21:53:成功检测到串口-CC2640
2017-11-13 11:22:25:当前mac地址已存在:('2017-11-13 11:22:23', 'c8 b2 1e 1e 49 bf')
2017-11-13 11:22:35:当前mac地址已存在:('2017-11-13 11:22:33', 'c8 b2 1e 1e 49 c3')
2017-11-13 11:22:49:当前mac地址已存在:('2017-11-13 11:22:35', 'c8 b2 1e 1e 49 c3')
2017-11-13 11:22:51:当前mac地址已存在:('2017-11-13 11:22:49', 'c8 b2 1e 1e 49 c3')
2017-11-13 11:22:53:当前mac地址已存在:('2017-11-13 11:22:51', 'c8 b2 1e 1e 49 c3')
2017-11-13 11:22:57:当前mac地址已存在:('2017-11-13 11:22:53', 'c8 b2 1e 1e 49 c3')
2017-11-13 11:23:05:当前mac地址已存在:('2017-11-13 11:22:25', 'c8 b2 1e 1e 49 bf')
2017-11-13 11:23:07:当前mac地址已存在:('2017-11-13 11:23:05', 'c8 b2 1e 1e 49 bf')
2017-11-13 11:23:09:当前mac地址已存在:('2017-11-13 11:23:07', 'c8 b2 1e 1e 49 bf')
2017-11-13 11:23:17:当前mac地址已存在:('2017-11-13 11:23:09', 'c8 b2 1e 1e 49 bf')
2017-11-13 11:23:19:当前mac地址已存在:('2017-11-13 11:23:17', 'c8 b2 1e 1e 49 bf')
2017-11-13 11:23:21:当前mac地址已存在:('2017-11-13 11:23:19', 'c8 b2 1e 1e 49 bf')
2017-11-13 11:23:23:当前mac地址已存在:('2017-11-13 11:23:21', 'c8 b2 1e 1e 49 bf')
2017-11-13 11:23:25:当前mac地址已存在:('2017-11-13 11:23:23', 'c8 b2 1e 1e 49 bf')
2017-11-13 11:24:49:打开软件MacSaver
2017-11-13 11:24:50:成功检测到串口-CC2640
2017-11-13 11:24:57:当前mac地址已存在:('2017-11-13 11:23:25', 'c8 b2 1e 1e 49 bf')
2017-11-13 11:24:59:当前mac地址已存在:('2017-11-13 11:24:57', 'c8 b2 1e 1e 49 bf')
2017-11-13 11:25:13:当前mac地址已存在:('2017-11-13 11:25:07', 'c8 b2 1e 1e 49 c2')
2017-11-13 11:25:15:当前mac地址已存在:('2017-11-13 11:25:13', 'c8 b2 1e 1e 49 c2')
2017-11-13 11:25:17:当前mac地址已存在:('2017-11-13 11:25:15', 'c8 b2 1e 1e 49 c2')
2017-11-13 11:25:19:当前mac地址已存在:('2017-11-13 11:25:17', 'c8 b2 1e 1e 49 c2')
2017-11-13 11:25:21:当前mac地址已存在:('2017-11-13 11:25:19', 'c8 b2 1e 1e 49 c2')
2017-11-13 11:25:23:当前mac地址已存在:('2017-11-13 11:25:21', 'c8 b2 1e 1e 49 c2')
2017-11-13 11:25:25:当前mac地址已存在:('2017-11-13 11:25:23', 'c8 b2 1e 1e 49 c2')
2017-11-13 11:25:27:当前mac地址已存在:('2017-11-13 11:25:25', 'c8 b2 1e 1e 49 c2')
2017-11-13 11:25:29:当前mac地址已存在:('2017-11-13 11:25:27', 'c8 b2 1e 1e 49 c2')
2017-11-13 11:25:31:当前mac地址已存在:('2017-11-13 11:25:29', 'c8 b2 1e 1e 49 c2')
2017-11-13 11:25:33:当前mac地址已存在:('2017-11-13 11:25:31', 'c8 b2 1e 1e 49 c2')
2017-11-13 11:26:02:打开软件MacSaver
2017-11-13 11:26:03:成功检测到串口-CC2640
2017-11-13 11:26:19:当前mac地址已存在:('2017-11-13 11:25:33', 'c8 b2 1e 1e 49 c2')
2017-11-13 11:26:21:当前mac地址已存在:('2017-11-13 11:26:19', 'c8 b2 1e 1e 49 c2')
2017-11-13 11:26:29:当前mac地址已存在:('2017-11-13 11:26:21', 'c8 b2 1e 1e 49 c2')
2017-11-13 11:26:51:当前mac地址已存在:('2017-11-13 11:26:49', 'c8 b2 1e 1e 49 c0')
2017-11-13 11:26:53:当前mac地址已存在:('2017-11-13 11:26:51', 'c8 b2 1e 1e 49 c0')
2017-11-13 11:26:55:当前mac地址已存在:('2017-11-13 11:26:53', 'c8 b2 1e 1e 49 c0')
2017-11-13 11:27:03:当前mac地址已存在:('2017-11-13 11:22:57', 'c8 b2 1e 1e 49 c3')
2017-11-13 11:27:05:当前mac地址已存在:('2017-11-13 11:27:03', 'c8 b2 1e 1e 49 c3')
2017-11-13 11:27:15:当前mac地址已存在:('2017-11-13 11:26:29', 'c8 b2 1e 1e 49 c2')
2017-11-13 11:27:17:当前mac地址已存在:('2017-11-13 11:27:15', 'c8 b2 1e 1e 49 c2')
2017-11-13 11:27:39:当前mac地址已存在:('2017-11-13 11:27:37', 'c8 b2 1e 1e 49 bf')
2017-11-13 11:27:55:当前mac地址已存在:('2017-11-13 11:27:53', 'c8 b2 1e 1e 49 c2')
2017-11-13 11:27:57:当前mac地址已存在:('2017-11-13 11:27:55', 'c8 b2 1e 1e 49 c2')
2017-11-13 11:27:59:当前mac地址已存在:('2017-11-13 11:27:57', 'c8 b2 1e 1e 49 c2')
2017-11-13 11:28:01:当前mac地址已存在:('2017-11-13 11:27:59', 'c8 b2 1e 1e 49 c2')
2017-11-13 11:28:03:当前mac地址已存在:('2017-11-13 11:28:01', 'c8 b2 1e 1e 49 c2')
2017-11-13 11:28:05:当前mac地址已存在:('2017-11-13 11:28:03', 'c8 b2 1e 1e 49 c2')
2017-11-13 11:28:07:当前mac地址已存在:('2017-11-13 11:28:05', 'c8 b2 1e 1e 49 c2')
2017-11-13 11:28:09:当前mac地址已存在:('2017-11-13 11:28:07', 'c8 b2 1e 1e 49 c2')
2017-11-13 11:28:11:当前mac地址已存在:('2017-11-13 11:28:09', 'c8 b2 1e 1e 49 c2')
2017-11-13 11:28:13:当前mac地址已存在:('2017-11-13 11:28:11', 'c8 b2 1e 1e 49 c2')
2017-11-13 11:28:15:当前mac地址已存在:('2017-11-13 11:28:13', 'c8 b2 1e 1e 49 c2')
2017-11-13 11:28:17:当前mac地址已存在:('2017-11-13 11:28:15', 'c8 b2 1e 1e 49 c2')
2017-11-13 11:28:19:当前mac地址已存在:('2017-11-13 11:28:17', 'c8 b2 1e 1e 49 c2')
2017-11-13 11:28:21:当前mac地址已存在:('2017-11-13 11:28:19', 'c8 b2 1e 1e 49 c2')
2017-11-13 11:28:23:当前mac地址已存在:('2017-11-13 11:28:21', 'c8 b2 1e 1e 49 c2')
2017-11-13 11:28:25:当前mac地址已存在:('2017-11-13 11:28:23', 'c8 b2 1e 1e 49 c2')
2017-11-13 11:28:27:当前mac地址已存在:('2017-11-13 11:28:25', 'c8 b2 1e 1e 49 c2')
2017-11-13 11:28:29:当前mac地址已存在:('2017-11-13 11:28:27', 'c8 b2 1e 1e 49 c2')
2017-11-13 11:28:31:当前mac地址已存在:('2017-11-13 11:28:29', 'c8 b2 1e 1e 49 c2')
2017-11-13 11:28:33:当前mac地址已存在:('2017-11-13 11:28:31', 'c8 b2 1e 1e 49 c2')
2017-11-13 11:28:35:当前mac地址已存在:('2017-11-13 11:28:33', 'c8 b2 1e 1e 49 c2')
2017-11-13 11:28:37:当前mac地址已存在:('2017-11-13 11:28:35', 'c8 b2 1e 1e 49 c2')
2017-11-13 11:29:32:打开软件MacSaver
2017-11-13 11:29:33:成功检测到串口-CC2640
2017-11-13 11:29:59:当前mac地址已存在:('2017-11-13 11:28:37', 'c8 b2 1e 1e 49 c2')
2017-11-13 11:30:01:当前mac地址已存在:('2017-11-13 11:29:59', 'c8 b2 1e 1e 49 c2')
2017-11-13 11:30:03:当前mac地址已存在:('2017-11-13 11:30:01', 'c8 b2 1e 1e 49 c2')
2017-11-13 11:30:05:当前mac地址已存在:('2017-11-13 11:30:03', 'c8 b2 1e 1e 49 c2')
2017-11-13 11:30:07:当前mac地址已存在:('2017-11-13 11:30:05', 'c8 b2 1e 1e 49 c2')
2017-11-13 11:30:09:当前mac地址已存在:('2017-11-13 11:30:07', 'c8 b2 1e 1e 49 c2')
2017-11-13 11:30:11:当前mac地址已存在:('2017-11-13 11:30:09', 'c8 b2 1e 1e 49 c2')
2017-11-13 11:30:13:当前mac地址已存在:('2017-11-13 11:30:11', 'c8 b2 1e 1e 49 c2')
2017-11-13 11:30:15:当前mac地址已存在:('2017-11-13 11:30:13', 'c8 b2 1e 1e 49 c2')
2017-11-13 11:30:17:当前mac地址已存在:('2017-11-13 11:30:15', 'c8 b2 1e 1e 49 c2')
2017-11-13 11:30:19:当前mac地址已存在:('2017-11-13 11:30:17', 'c8 b2 1e 1e 49 c2')
2017-11-13 11:30:31:当前mac地址已存在:('2017-11-13 11:30:29', 'c8 b2 1e 1e 49 c1')
2017-11-13 11:30:33:当前mac地址已存在:('2017-11-13 11:30:31', 'c8 b2 1e 1e 49 c1')
2017-11-13 11:30:35:当前mac地址已存在:('2017-11-13 11:30:33', 'c8 b2 1e 1e 49 c1')
2017-11-13 11:30:37:当前mac地址已存在:('2017-11-13 11:30:35', 'c8 b2 1e 1e 49 c1')
2017-11-13 11:30:39:当前mac地址已存在:('2017-11-13 11:30:37', 'c8 b2 1e 1e 49 c1')
2017-11-13 11:30:41:当前mac地址已存在:('2017-11-13 11:30:39', 'c8 b2 1e 1e 49 c1')
2017-11-13 11:30:43:当前mac地址已存在:('2017-11-13 11:30:41', 'c8 b2 1e 1e 49 c1')
2017-11-13 11:30:45:当前mac地址已存在:('2017-11-13 11:30:43', 'c8 b2 1e 1e 49 c1')
2017-11-13 11:30:47:当前mac地址已存在:('2017-11-13 11:30:45', 'c8 b2 1e 1e 49 c1')
2017-11-13 11:30:49:当前mac地址已存在:('2017-11-13 11:30:47', 'c8 b2 1e 1e 49 c1')
2017-11-13 11:30:51:当前mac地址已存在:('2017-11-13 11:30:49', 'c8 b2 1e 1e 49 c1')
2017-11-13 11:30:53:当前mac地址已存在:('2017-11-13 11:30:51', 'c8 b2 1e 1e 49 c1')
2017-11-13 11:30:55:当前mac地址已存在:('2017-11-13 11:30:53', 'c8 b2 1e 1e 49 c1')
2017-11-13 11:30:57:当前mac地址已存在:('2017-11-13 11:30:55', 'c8 b2 1e 1e 49 c1')
2017-11-13 11:30:59:当前mac地址已存在:('2017-11-13 11:30:57', 'c8 b2 1e 1e 49 c1')
2017-11-13 11:31:01:当前mac地址已存在:('2017-11-13 11:30:59', 'c8 b2 1e 1e 49 c1')
2017-11-13 11:31:03:当前mac地址已存在:('2017-11-13 11:31:01', 'c8 b2 1e 1e 49 c1')
2017-11-13 11:31:05:当前mac地址已存在:('2017-11-13 11:31:03', 'c8 b2 1e 1e 49 c1')
2017-11-13 11:31:07:当前mac地址已存在:('2017-11-13 11:31:05', 'c8 b2 1e 1e 49 c1')
2017-11-13 11:31:09:当前mac地址已存在:('2017-11-13 11:31:07', 'c8 b2 1e 1e 49 c1')
2017-11-13 11:31:11:当前mac地址已存在:('2017-11-13 11:31:09', 'c8 b2 1e 1e 49 c1')
2017-11-13 11:31:13:当前mac地址已存在:('2017-11-13 11:31:11', 'c8 b2 1e 1e 49 c1')
2017-11-13 11:31:31:打开软件MacSaver
2017-11-13 11:31:32:成功检测到串口-CC2640
2017-11-13 11:31:49:当前mac地址已存在:('2017-11-13 11:31:13', 'c8 b2 1e 1e 49 c1')
2017-11-13 11:31:51:当前mac地址已存在:('2017-11-13 11:31:49', 'c8 b2 1e 1e 49 c1')
2017-11-13 11:31:53:当前mac地址已存在:('2017-11-13 11:31:51', 'c8 b2 1e 1e 49 c1')
2017-11-13 11:31:55:当前mac地址已存在:('2017-11-13 11:31:53', 'c8 b2 1e 1e 49 c1')
2017-11-13 11:32:50:打开软件MacSaver
2017-11-13 11:32:51:成功检测到串口-CC2640
2017-11-13 11:33:25:当前mac地址已存在:('2017-11-13 11:31:55', 'c8 b2 1e 1e 49 c1')
2017-11-13 11:33:27:当前mac地址已存在:('2017-11-13 11:33:25', 'c8 b2 1e 1e 49 c1')
2017-11-13 11:33:29:当前mac地址已存在:('2017-11-13 11:33:27', 'c8 b2 1e 1e 49 c1')
2017-11-13 11:33:31:当前mac地址已存在:('2017-11-13 11:33:29', 'c8 b2 1e 1e 49 c1')
2017-11-13 11:33:33:当前mac地址已存在:('2017-11-13 11:33:31', 'c8 b2 1e 1e 49 c1')
2017-11-13 11:33:35:当前mac地址已存在:('2017-11-13 11:33:33', 'c8 b2 1e 1e 49 c1')
2017-11-13 11:33:37:当前mac地址已存在:('2017-11-13 11:33:35', 'c8 b2 1e 1e 49 c1')
2017-11-13 11:33:39:当前mac地址已存在:('2017-11-13 11:33:37', 'c8 b2 1e 1e 49 c1')
2017-11-13 11:33:41:当前mac地址已存在:('2017-11-13 11:33:39', 'c8 b2 1e 1e 49 c1')
2017-11-13 11:33:43:当前mac地址已存在:('2017-11-13 11:33:41', 'c8 b2 1e 1e 49 c1')
2017-11-13 11:33:45:当前mac地址已存在:('2017-11-13 11:33:43', 'c8 b2 1e 1e 49 c1')
2017-11-13 11:33:47:当前mac地址已存在:('2017-11-13 11:33:45', 'c8 b2 1e 1e 49 c1')
2017-11-13 11:33:53:打开软件MacSaver
2017-11-13 11:33:54:成功检测到串口-CC2640
2017-11-13 11:33:55:当前mac地址已存在:('2017-11-13 11:33:47', 'c8 b2 1e 1e 49 c1')
2017-11-13 11:33:57:当前mac地址已存在:('2017-11-13 11:33:55', 'c8 b2 1e 1e 49 c1')
2017-11-13 11:34:01:当前mac地址已存在:('2017-11-13 11:33:57', 'c8 b2 1e 1e 49 c1')
2017-11-13 11:34:03:当前mac地址已存在:('2017-11-13 11:34:01', 'c8 b2 1e 1e 49 c1')
2017-11-13 11:34:07:当前mac地址已存在:('2017-11-13 11:34:03', 'c8 b2 1e 1e 49 c1')
2017-11-13 11:34:09:当前mac地址已存在:('2017-11-13 11:34:07', 'c8 b2 1e 1e 49 c1')
2017-11-13 11:34:11:当前mac地址已存在:('2017-11-13 11:34:09', 'c8 b2 1e 1e 49 c1')
2017-11-13 11:34:15:当前mac地址已存在:('2017-11-13 11:34:11', 'c8 b2 1e 1e 49 c1')
2017-11-13 11:34:27:当前mac地址已存在:('2017-11-13 11:34:15', 'c8 b2 1e 1e 49 c1')
2017-11-13 11:34:29:当前mac地址已存在:('2017-11-13 11:34:27', 'c8 b2 1e 1e 49 c1')
2017-11-13 11:34:31:当前mac地址已存在:('2017-11-13 11:34:29', 'c8 b2 1e 1e 49 c1')
2017-11-13 11:36:54:打开软件MacSaver
2017-11-13 11:36:54:成功检测到串口-CC2640
2017-11-13 11:37:07:当前mac地址已存在:('2017-11-13 11:37:05', 'c8 b2 1e 1e 49 c0')
2017-11-13 11:37:09:当前mac地址已存在:('2017-11-13 11:37:07', 'c8 b2 1e 1e 49 c0')
2017-11-13 11:37:11:当前mac地址已存在:('2017-11-13 11:37:09', 'c8 b2 1e 1e 49 c0')
2017-11-13 11:37:13:当前mac地址已存在:('2017-11-13 11:37:11', 'c8 b2 1e 1e 49 c0')
2017-11-13 11:37:15:当前mac地址已存在:('2017-11-13 11:37:13', 'c8 b2 1e 1e 49 c0')
2017-11-13 11:37:17:当前mac地址已存在:('2017-11-13 11:37:15', 'c8 b2 1e 1e 49 c0')
2017-11-13 11:37:19:当前mac地址已存在:('2017-11-13 11:37:17', 'c8 b2 1e 1e 49 c0')
2017-11-13 11:37:21:当前mac地址已存在:('2017-11-13 11:37:19', 'c8 b2 1e 1e 49 c0')
2017-11-13 11:37:23:当前mac地址已存在:('2017-11-13 11:37:21', 'c8 b2 1e 1e 49 c0')
2017-11-13 11:37:25:当前mac地址已存在:('2017-11-13 11:37:23', 'c8 b2 1e 1e 49 c0')
2017-11-13 11:37:27:当前mac地址已存在:('2017-11-13 11:37:25', 'c8 b2 1e 1e 49 c0')
2017-11-13 11:37:29:当前mac地址已存在:('2017-11-13 11:37:27', 'c8 b2 1e 1e 49 c0')
2017-11-13 11:37:31:当前mac地址已存在:('2017-11-13 11:37:29', 'c8 b2 1e 1e 49 c0')
2017-11-13 11:37:33:当前mac地址已存在:('2017-11-13 11:37:31', 'c8 b2 1e 1e 49 c0')
2017-11-13 11:37:59:当前mac地址已存在:('2017-11-13 11:37:33', 'c8 b2 1e 1e 49 c0')
2017-11-13 11:38:01:当前mac地址已存在:('2017-11-13 11:37:59', 'c8 b2 1e 1e 49 c0')
2017-11-13 11:38:03:当前mac地址已存在:('2017-11-13 11:38:01', 'c8 b2 1e 1e 49 c0')
2017-11-13 11:38:07:当前mac地址已存在:('2017-11-13 11:38:03', 'c8 b2 1e 1e 49 c0')
2017-11-13 11:38:17:当前mac地址已存在:('2017-11-13 11:34:31', 'c8 b2 1e 1e 49 c1')
2017-11-13 11:38:19:当前mac地址已存在:('2017-11-13 11:38:17', 'c8 b2 1e 1e 49 c1')
2017-11-13 11:38:55:打开软件MacSaver
2017-11-13 11:38:55:成功检测到串口-CC2640
2017-11-13 11:39:09:当前mac地址已存在:('2017-11-13 11:38:19', 'c8 b2 1e 1e 49 c1')
2017-11-13 11:39:11:当前mac地址已存在:('2017-11-13 11:39:09', 'c8 b2 1e 1e 49 c1')
2017-11-13 11:39:13:当前mac地址已存在:('2017-11-13 11:39:11', 'c8 b2 1e 1e 49 c1')
2017-11-13 11:39:21:当前mac地址已存在:('2017-11-13 11:30:19', 'c8 b2 1e 1e 49 c2')
2017-11-13 11:39:23:当前mac地址已存在:('2017-11-13 11:39:21', 'c8 b2 1e 1e 49 c2')
2017-11-13 11:39:27:当前mac地址已存在:('2017-11-13 11:39:23', 'c8 b2 1e 1e 49 c2')
2017-11-13 11:39:33:当前mac地址已存在:('2017-11-13 11:39:27', 'c8 b2 1e 1e 49 c2')
2017-11-13 11:39:37:当前mac地址已存在:('2017-11-13 11:39:33', 'c8 b2 1e 1e 49 c2')
2017-11-13 11:39:39:当前mac地址已存在:('2017-11-13 11:39:37', 'c8 b2 1e 1e 49 c2')
2017-11-13 11:39:41:当前mac地址已存在:('2017-11-13 11:39:39', 'c8 b2 1e 1e 49 c2')
2017-11-13 11:39:45:当前mac地址已存在:('2017-11-13 11:39:41', 'c8 b2 1e 1e 49 c2')
2017-11-13 11:39:47:当前mac地址已存在:('2017-11-13 11:39:45', 'c8 b2 1e 1e 49 c2')
2017-11-13 11:40:03:当前mac地址已存在:('2017-11-13 11:40:01', 'c8 b2 1e 1e 49 c3')
2017-11-13 11:40:05:当前mac地址已存在:('2017-11-13 11:40:03', 'c8 b2 1e 1e 49 c3')
2017-11-13 11:40:07:当前mac地址已存在:('2017-11-13 11:40:05', 'c8 b2 1e 1e 49 c3')
2017-11-13 11:40:09:当前mac地址已存在:('2017-11-13 11:40:07', 'c8 b2 1e 1e 49 c3')
2017-11-13 11:40:23:当前mac地址已存在:('2017-11-13 11:40:21', 'c8 b2 1e 1e 49 bf')
2017-11-13 11:40:29:当前mac地址已存在:('2017-11-13 11:40:23', 'c8 b2 1e 1e 49 bf')
2017-11-13 11:40:31:当前mac地址已存在:('2017-11-13 11:40:29', 'c8 b2 1e 1e 49 bf')
2017-11-13 11:40:33:当前mac地址已存在:('2017-11-13 11:40:31', 'c8 b2 1e 1e 49 bf')
2017-11-13 11:40:35:当前mac地址已存在:('2017-11-13 11:40:33', 'c8 b2 1e 1e 49 bf')
2017-11-13 11:40:37:当前mac地址已存在:('2017-11-13 11:40:35', 'c8 b2 1e 1e 49 bf')
2017-11-13 11:40:39:当前mac地址已存在:('2017-11-13 11:40:37', 'c8 b2 1e 1e 49 bf')
2017-11-13 11:41:01:当前mac地址已存在:('2017-11-13 11:40:09', 'c8 b2 1e 1e 49 c3')
2017-11-13 11:41:03:当前mac地址已存在:('2017-11-13 11:41:01', 'c8 b2 1e 1e 49 c3')
2017-11-13 11:41:05:当前mac地址已存在:('2017-11-13 11:41:03', 'c8 b2 1e 1e 49 c3')
2017-11-13 11:41:07:当前mac地址已存在:('2017-11-13 11:41:05', 'c8 b2 1e 1e 49 c3')
2017-11-13 11:41:09:当前mac地址已存在:('2017-11-13 11:41:07', 'c8 b2 1e 1e 49 c3')
2017-11-13 11:41:11:当前mac地址已存在:('2017-11-13 11:41:09', 'c8 b2 1e 1e 49 c3')
2017-11-13 11:41:13:当前mac地址已存在:('2017-11-13 11:41:11', 'c8 b2 1e 1e 49 c3')
2017-11-13 11:41:15:当前mac地址已存在:('2017-11-13 11:41:13', 'c8 b2 1e 1e 49 c3')
2017-11-13 11:41:17:当前mac地址已存在:('2017-11-13 11:41:15', 'c8 b2 1e 1e 49 c3')
2017-11-13 11:41:19:当前mac地址已存在:('2017-11-13 11:41:17', 'c8 b2 1e 1e 49 c3')
2017-11-13 11:42:09:打开软件MacSaver
2017-11-13 11:42:10:成功检测到串口-CC2640
2017-11-13 11:44:20:打开软件MacSaver
2017-11-13 11:44:20:成功检测到串口-CC2640
2017-11-13 11:45:21:打开软件MacSaver
2017-11-13 11:45:21:成功检测到串口-CC2640
2017-11-13 11:45:37:当前mac地址已存在:('2017-11-13 11:41:19', 'c8 b2 1e 1e 49 c3')
2017-11-13 11:45:39:当前mac地址已存在:('2017-11-13 11:45:37', 'c8 b2 1e 1e 49 c3')
2017-11-13 11:45:41:当前mac地址已存在:('2017-11-13 11:45:39', 'c8 b2 1e 1e 49 c3')
2017-11-13 11:45:43:当前mac地址已存在:('2017-11-13 11:45:41', 'c8 b2 1e 1e 49 c3')
2017-11-13 11:45:45:当前mac地址已存在:('2017-11-13 11:45:43', 'c8 b2 1e 1e 49 c3')
2017-11-13 11:45:47:当前mac地址已存在:('2017-11-13 11:45:45', 'c8 b2 1e 1e 49 c3')
2017-11-13 11:45:49:当前mac地址已存在:('2017-11-13 11:45:47', 'c8 b2 1e 1e 49 c3')
2017-11-13 11:45:51:当前mac地址已存在:('2017-11-13 11:45:49', 'c8 b2 1e 1e 49 c3')
2017-11-13 11:45:53:当前mac地址已存在:('2017-11-13 11:45:51', 'c8 b2 1e 1e 49 c3')
2017-11-13 11:45:55:当前mac地址已存在:('2017-11-13 11:45:53', 'c8 b2 1e 1e 49 c3')
2017-11-13 11:47:51:打开软件MacSaver
2017-11-13 11:47:52:成功检测到串口-CC2640
2017-11-13 11:48:03:当前mac地址已存在:('2017-11-13 11:40:39', 'c8 b2 1e 1e 49 bf')
2017-11-13 11:48:05:当前mac地址已存在:('2017-11-13 11:48:03', 'c8 b2 1e 1e 49 bf')
2017-11-13 11:48:17:当前mac地址已存在:('2017-11-13 11:48:15', 'c8 b2 1e 1e 49 c1')
2017-11-13 11:48:31:当前mac地址已存在:('2017-11-13 11:48:29', 'c8 b2 1e 1e 49 c2')
2017-11-13 11:48:35:当前mac地址已存在:('2017-11-13 11:48:31', 'c8 b2 1e 1e 49 c2')
2017-11-13 11:48:37:当前mac地址已存在:('2017-11-13 11:48:35', 'c8 b2 1e 1e 49 c2')
2017-11-13 11:48:39:当前mac地址已存在:('2017-11-13 11:48:37', 'c8 b2 1e 1e 49 c2')
2017-11-13 11:48:41:当前mac地址已存在:('2017-11-13 11:48:39', 'c8 b2 1e 1e 49 c2')
2017-11-13 11:48:43:当前mac地址已存在:('2017-11-13 11:48:41', 'c8 b2 1e 1e 49 c2')
2017-11-13 11:50:29:打开软件MacSaver
2017-11-13 11:50:29:成功检测到串口-CC2640
2017-11-13 11:50:39:当前mac地址已存在:('2017-11-13 11:45:55', 'c8 b2 1e 1e 49 c3')
2017-11-13 11:50:41:当前mac地址已存在:('2017-11-13 11:50:39', 'c8 b2 1e 1e 49 c3')
2017-11-13 11:50:43:当前mac地址已存在:('2017-11-13 11:50:41', 'c8 b2 1e 1e 49 c3')
2017-11-13 11:50:45:当前mac地址已存在:('2017-11-13 11:50:43', 'c8 b2 1e 1e 49 c3')
2017-11-13 11:50:47:当前mac地址已存在:('2017-11-13 11:50:45', 'c8 b2 1e 1e 49 c3')
2017-11-13 11:50:49:当前mac地址已存在:('2017-11-13 11:50:47', 'c8 b2 1e 1e 49 c3')
2017-11-13 11:50:51:当前mac地址已存在:('2017-11-13 11:50:49', 'c8 b2 1e 1e 49 c3')
2017-11-13 11:50:53:当前mac地址已存在:('2017-11-13 11:50:51', 'c8 b2 1e 1e 49 c3')
2017-11-13 11:50:55:当前mac地址已存在:('2017-11-13 11:50:53', 'c8 b2 1e 1e 49 c3')
2017-11-13 11:52:14:打开软件MacSaver
2017-11-13 11:52:14:成功检测到串口-CC2640
2017-11-13 11:52:21:当前mac地址已存在:('2017-11-13 11:50:55', 'c8 b2 1e 1e 49 c3')
2017-11-13 11:53:51:打开软件MacSaver
2017-11-13 11:53:51:成功检测到串口-CC2640
2017-11-13 11:55:13:打开软件MacSaver
2017-11-13 11:55:14:成功检测到串口-CC2640
2017-11-13 11:55:47:打开软件MacSaver
2017-11-13 11:55:47:成功检测到串口-CC2640
2017-11-13 11:57:18:打开软件MacSaver
2017-11-13 11:57:18:成功检测到串口-CC2640
2017-11-13 11:58:15:打开软件MacSaver
2017-11-13 11:58:15:成功检测到串口-CC2640
2017-11-13 11:58:35:当前mac地址已存在:('2017-11-13 11:52:21', 'c8 b2 1e 1e 49 c3')
2017-11-13 11:58:38:当前mac地址已存在:('2017-11-13 11:58:35', 'c8 b2 1e 1e 49 c3')
2017-11-13 11:58:39:当前mac地址已存在:('2017-11-13 11:58:38', 'c8 b2 1e 1e 49 c3')
2017-11-13 11:58:41:当前mac地址已存在:('2017-11-13 11:58:39', 'c8 b2 1e 1e 49 c3')
2017-11-13 11:58:43:当前mac地址已存在:('2017-11-13 11:58:41', 'c8 b2 1e 1e 49 c3')
2017-11-13 11:58:45:当前mac地址已存在:('2017-11-13 11:58:43', 'c8 b2 1e 1e 49 c3')
2017-11-13 11:58:47:当前mac地址已存在:('2017-11-13 11:58:45', 'c8 b2 1e 1e 49 c3')
2017-11-13 11:58:49:当前mac地址已存在:('2017-11-13 11:58:47', 'c8 b2 1e 1e 49 c3')
2017-11-13 11:58:51:当前mac地址已存在:('2017-11-13 11:58:49', 'c8 b2 1e 1e 49 c3')
2017-11-13 11:58:53:当前mac地址已存在:('2017-11-13 11:58:51', 'c8 b2 1e 1e 49 c3')
2017-11-13 11:58:55:当前mac地址已存在:('2017-11-13 11:58:53', 'c8 b2 1e 1e 49 c3')
2017-11-13 11:58:57:当前mac地址已存在:('2017-11-13 11:58:55', 'c8 b2 1e 1e 49 c3')
2017-11-13 11:58:59:当前mac地址已存在:('2017-11-13 11:58:57', 'c8 b2 1e 1e 49 c3')
2017-11-13 11:59:01:当前mac地址已存在:('2017-11-13 11:58:59', 'c8 b2 1e 1e 49 c3')
2017-11-13 11:59:04:打开软件MacSaver
2017-11-13 11:59:04:成功检测到串口-CC2640
2017-11-13 11:59:05:当前mac地址已存在:('2017-11-13 11:58:59', 'c8 b2 1e 1e 49 c3')
2017-11-13 11:59:08:当前mac地址已存在:('2017-11-13 11:59:05', 'c8 b2 1e 1e 49 c3')
2017-11-13 11:59:09:当前mac地址已存在:('2017-11-13 11:59:08', 'c8 b2 1e 1e 49 c3')
2017-11-13 11:59:11:当前mac地址已存在:('2017-11-13 11:59:09', 'c8 b2 1e 1e 49 c3')
2017-11-13 11:59:13:当前mac地址已存在:('2017-11-13 11:59:11', 'c8 b2 1e 1e 49 c3')
2017-11-13 11:59:15:当前mac地址已存在:('2017-11-13 11:59:13', 'c8 b2 1e 1e 49 c3')
2017-11-13 11:59:19:当前mac地址已存在:('2017-11-13 11:59:15', 'c8 b2 1e 1e 49 c3')
2017-11-13 11:59:21:当前mac地址已存在:('2017-11-13 11:59:19', 'c8 b2 1e 1e 49 c3')
2017-11-13 11:59:23:当前mac地址已存在:('2017-11-13 11:59:21', 'c8 b2 1e 1e 49 c3')
2017-11-13 11:59:27:当前mac地址已存在:('2017-11-13 11:59:23', 'c8 b2 1e 1e 49 c3')
2017-11-13 11:59:29:当前mac地址已存在:('2017-11-13 11:59:27', 'c8 b2 1e 1e 49 c3')
2017-11-13 11:59:31:当前mac地址已存在:('2017-11-13 11:59:29', 'c8 b2 1e 1e 49 c3')
2017-11-13 11:59:33:当前mac地址已存在:('2017-11-13 11:59:31', 'c8 b2 1e 1e 49 c3')
2017-11-13 11:59:35:当前mac地址已存在:('2017-11-13 11:59:33', 'c8 b2 1e 1e 49 c3')
2017-11-13 11:59:43:当前mac地址已存在:('2017-11-13 11:48:17', 'c8 b2 1e 1e 49 c1')
2017-11-13 11:59:45:当前mac地址已存在:('2017-11-13 11:59:43', 'c8 b2 1e 1e 49 c1')
2017-11-13 11:59:47:当前mac地址已存在:('2017-11-13 11:59:45', 'c8 b2 1e 1e 49 c1')
2017-11-13 11:59:49:当前mac地址已存在:('2017-11-13 11:59:47', 'c8 b2 1e 1e 49 c1')
2017-11-13 12:00:53:打开软件MacSaver
2017-11-13 12:00:54:成功检测到串口-CC2640
2017-11-13 12:01:03:当前mac地址已存在:('2017-11-13 11:59:49', 'c8 b2 1e 1e 49 c1')
2017-11-13 12:01:06:当前mac地址已存在:('2017-11-13 12:01:03', 'c8 b2 1e 1e 49 c1')
2017-11-13 12:01:07:当前mac地址已存在:('2017-11-13 12:01:06', 'c8 b2 1e 1e 49 c1')
2017-11-13 12:01:09:当前mac地址已存在:('2017-11-13 12:01:07', 'c8 b2 1e 1e 49 c1')
2017-11-13 12:01:11:当前mac地址已存在:('2017-11-13 12:01:09', 'c8 b2 1e 1e 49 c1')
2017-11-13 12:01:13:当前mac地址已存在:('2017-11-13 12:01:11', 'c8 b2 1e 1e 49 c1')
2017-11-13 12:01:15:当前mac地址已存在:('2017-11-13 12:01:13', 'c8 b2 1e 1e 49 c1')
2017-11-13 12:01:17:当前mac地址已存在:('2017-11-13 12:01:15', 'c8 b2 1e 1e 49 c1')
2017-11-13 12:01:19:当前mac地址已存在:('2017-11-13 12:01:17', 'c8 b2 1e 1e 49 c1')
2017-11-13 12:01:21:当前mac地址已存在:('2017-11-13 12:01:19', 'c8 b2 1e 1e 49 c1')
2017-11-13 12:01:23:当前mac地址已存在:('2017-11-13 12:01:21', 'c8 b2 1e 1e 49 c1')
2017-11-13 12:01:25:当前mac地址已存在:('2017-11-13 12:01:23', 'c8 b2 1e 1e 49 c1')
2017-11-13 12:01:27:当前mac地址已存在:('2017-11-13 12:01:25', 'c8 b2 1e 1e 49 c1')
2017-11-13 12:01:29:当前mac地址已存在:('2017-11-13 12:01:27', 'c8 b2 1e 1e 49 c1')
2017-11-13 12:01:41:当前mac地址已存在:('2017-11-13 11:48:05', 'c8 b2 1e 1e 49 bf')
2017-11-13 12:01:43:当前mac地址已存在:('2017-11-13 12:01:41', 'c8 b2 1e 1e 49 bf')
2017-11-13 12:01:45:当前mac地址已存在:('2017-11-13 12:01:43', 'c8 b2 1e 1e 49 bf')
2017-11-13 12:01:53:当前mac地址已存在:('2017-11-13 11:59:35', 'c8 b2 1e 1e 49 c3')
2017-11-13 12:01:55:当前mac地址已存在:('2017-11-13 12:01:53', 'c8 b2 1e 1e 49 c3')
2017-11-13 12:02:07:当前mac地址已存在:('2017-11-13 11:48:43', 'c8 b2 1e 1e 49 c2')
2017-11-13 12:02:09:当前mac地址已存在:('2017-11-13 12:02:07', 'c8 b2 1e 1e 49 c2')
2017-11-13 12:02:11:当前mac地址已存在:('2017-11-13 12:02:09', 'c8 b2 1e 1e 49 c2')
2017-11-13 12:02:27:当前mac地址已存在:('2017-11-13 12:02:25', 'c8 b2 1e 1e 49 c0')
2017-11-13 12:02:29:当前mac地址已存在:('2017-11-13 12:02:27', 'c8 b2 1e 1e 49 c0')
2017-11-13 12:02:53:当前mac地址已存在:('2017-11-13 12:02:51', 'c8 b2 1e 1e 49 c0')
2017-11-13 12:03:07:当前mac地址已存在:('2017-11-13 12:03:05', 'c8 b2 1e 1e 49 c2')
2017-11-13 12:03:19:当前mac地址已存在:('2017-11-13 12:03:17', 'c8 b2 1e 1e 49 c1')
2017-11-13 12:03:31:当前mac地址已存在:('2017-11-13 12:02:53', 'c8 b2 1e 1e 49 c0')
2017-11-13 12:03:33:当前mac地址已存在:('2017-11-13 12:03:31', 'c8 b2 1e 1e 49 c0')
2017-11-13 12:03:35:当前mac地址已存在:('2017-11-13 12:03:33', 'c8 b2 1e 1e 49 c0')
2017-11-13 12:03:45:当前mac地址已存在:('2017-11-13 12:03:43', 'c8 b2 1e 1e 49 bf')
2017-11-13 12:03:47:当前mac地址已存在:('2017-11-13 12:03:45', 'c8 b2 1e 1e 49 bf')
2017-11-13 12:03:49:当前mac地址已存在:('2017-11-13 12:03:47', 'c8 b2 1e 1e 49 bf')
2017-11-13 12:03:59:当前mac地址已存在:('2017-11-13 12:03:57', 'c8 b2 1e 1e 49 c3')
2017-11-13 12:04:05:当前mac地址已存在:('2017-11-13 12:03:59', 'c8 b2 1e 1e 49 c3')
2017-11-13 12:04:07:当前mac地址已存在:('2017-11-13 12:04:05', 'c8 b2 1e 1e 49 c3')
2017-11-13 12:04:09:当前mac地址已存在:('2017-11-13 12:04:07', 'c8 b2 1e 1e 49 c3')
2017-11-13 12:04:11:当前mac地址已存在:('2017-11-13 12:04:09', 'c8 b2 1e 1e 49 c3')
2017-11-13 12:04:13:当前mac地址已存在:('2017-11-13 12:04:11', 'c8 b2 1e 1e 49 c3')
2017-11-13 12:04:15:当前mac地址已存在:('2017-11-13 12:04:13', 'c8 b2 1e 1e 49 c3')
2017-11-13 12:04:17:当前mac地址已存在:('2017-11-13 12:04:15', 'c8 b2 1e 1e 49 c3')
2017-11-13 12:04:19:当前mac地址已存在:('2017-11-13 12:04:17', 'c8 b2 1e 1e 49 c3')
2017-11-13 12:04:25:当前mac地址已存在:('2017-11-13 12:04:19', 'c8 b2 1e 1e 49 c3')
2017-11-13 12:04:27:当前mac地址已存在:('2017-11-13 12:04:25', 'c8 b2 1e 1e 49 c3')
2017-11-13 12:04:37:当前mac地址已存在:('2017-11-13 12:03:49', 'c8 b2 1e 1e 49 bf')
2017-11-13 12:04:39:当前mac地址已存在:('2017-11-13 12:04:37', 'c8 b2 1e 1e 49 bf')
2017-11-13 12:04:41:当前mac地址已存在:('2017-11-13 12:04:39', 'c8 b2 1e 1e 49 bf')
2017-11-13 12:04:43:当前mac地址已存在:('2017-11-13 12:04:41', 'c8 b2 1e 1e 49 bf')
2017-11-13 12:04:47:当前mac地址已存在:('2017-11-13 12:04:43', 'c8 b2 1e 1e 49 bf')
2017-11-13 12:04:49:当前mac地址已存在:('2017-11-13 12:04:47', 'c8 b2 1e 1e 49 bf')
2017-11-13 12:04:51:当前mac地址已存在:('2017-11-13 12:04:49', 'c8 b2 1e 1e 49 bf')
2017-11-13 12:04:53:当前mac地址已存在:('2017-11-13 12:04:51', 'c8 b2 1e 1e 49 bf')
2017-11-13 12:04:55:当前mac地址已存在:('2017-11-13 12:04:53', 'c8 b2 1e 1e 49 bf')
2017-11-13 12:04:57:当前mac地址已存在:('2017-11-13 12:04:55', 'c8 b2 1e 1e 49 bf')
2017-11-13 12:04:59:当前mac地址已存在:('2017-11-13 12:04:57', 'c8 b2 1e 1e 49 bf')
2017-11-13 12:05:01:当前mac地址已存在:('2017-11-13 12:04:59', 'c8 b2 1e 1e 49 bf')
2017-11-13 12:05:03:当前mac地址已存在:('2017-11-13 12:05:01', 'c8 b2 1e 1e 49 bf')
2017-11-13 12:05:05:当前mac地址已存在:('2017-11-13 12:05:03', 'c8 b2 1e 1e 49 bf')
2017-11-13 12:05:07:当前mac地址已存在:('2017-11-13 12:05:05', 'c8 b2 1e 1e 49 bf')
2017-11-13 12:05:09:当前mac地址已存在:('2017-11-13 12:05:07', 'c8 b2 1e 1e 49 bf')
2017-11-13 12:05:11:当前mac地址已存在:('2017-11-13 12:05:09', 'c8 b2 1e 1e 49 bf')
2017-11-13 12:05:13:当前mac地址已存在:('2017-11-13 12:05:11', 'c8 b2 1e 1e 49 bf')
2017-11-13 12:05:15:当前mac地址已存在:('2017-11-13 12:05:13', 'c8 b2 1e 1e 49 bf')
2017-11-13 12:05:17:当前mac地址已存在:('2017-11-13 12:05:15', 'c8 b2 1e 1e 49 bf')
2017-11-13 12:05:19:当前mac地址已存在:('2017-11-13 12:05:17', 'c8 b2 1e 1e 49 bf')
2017-11-13 12:05:21:当前mac地址已存在:('2017-11-13 12:05:19', 'c8 b2 1e 1e 49 bf')
2017-11-13 12:05:23:当前mac地址已存在:('2017-11-13 12:05:21', 'c8 b2 1e 1e 49 bf')
2017-11-13 12:05:25:当前mac地址已存在:('2017-11-13 12:05:23', 'c8 b2 1e 1e 49 bf')
2017-11-13 12:05:27:当前mac地址已存在:('2017-11-13 12:05:25', 'c8 b2 1e 1e 49 bf')
2017-11-13 12:05:29:当前mac地址已存在:('2017-11-13 12:05:27', 'c8 b2 1e 1e 49 bf')
2017-11-13 12:05:31:当前mac地址已存在:('2017-11-13 12:05:29', 'c8 b2 1e 1e 49 bf')
2017-11-13 12:07:13:打开软件MacSaver
2017-11-13 12:07:14:成功检测到串口-CC2640
2017-11-13 12:07:18:当前mac地址已存在:('2017-11-13 12:05:31', 'c8 b2 1e 1e 49 bf')
2017-11-13 12:07:21:当前mac地址已存在:('2017-11-13 12:07:18', 'c8 b2 1e 1e 49 bf')
2017-11-13 12:07:30:当前mac地址已存在:('2017-11-13 12:03:19', 'c8 b2 1e 1e 49 c1')
2017-11-13 12:07:32:当前mac地址已存在:('2017-11-13 12:07:30', 'c8 b2 1e 1e 49 c1')
2017-11-13 12:07:50:当前mac地址已存在:('2017-11-13 12:07:48', 'c8 b2 1e 1e 49 c1')
2017-11-13 12:08:08:当前mac地址已存在:('2017-11-13 12:07:50', 'c8 b2 1e 1e 49 c1')
2017-11-13 12:08:10:当前mac地址已存在:('2017-11-13 12:08:08', 'c8 b2 1e 1e 49 c1')
2017-11-13 12:08:12:当前mac地址已存在:('2017-11-13 12:08:10', 'c8 b2 1e 1e 49 c1')
2017-11-13 12:08:14:当前mac地址已存在:('2017-11-13 12:08:12', 'c8 b2 1e 1e 49 c1')
2017-11-13 12:08:16:当前mac地址已存在:('2017-11-13 12:08:14', 'c8 b2 1e 1e 49 c1')
2017-11-13 12:08:18:当前mac地址已存在:('2017-11-13 12:08:16', 'c8 b2 1e 1e 49 c1')
2017-11-13 12:08:20:当前mac地址已存在:('2017-11-13 12:08:18', 'c8 b2 1e 1e 49 c1')
2017-11-13 12:08:22:当前mac地址已存在:('2017-11-13 12:08:20', 'c8 b2 1e 1e 49 c1')
2017-11-13 12:08:24:当前mac地址已存在:('2017-11-13 12:08:22', 'c8 b2 1e 1e 49 c1')
2017-11-13 12:08:26:当前mac地址已存在:('2017-11-13 12:08:24', 'c8 b2 1e 1e 49 c1')
2017-11-13 12:08:28:当前mac地址已存在:('2017-11-13 12:08:26', 'c8 b2 1e 1e 49 c1')
2017-11-13 12:08:30:当前mac地址已存在:('2017-11-13 12:08:28', 'c8 b2 1e 1e 49 c1')
2017-11-13 12:09:25:打开软件MacSaver
2017-11-13 12:09:25:成功检测到串口-CC2640
2017-11-13 12:10:02:打开软件MacSaver
2017-11-13 12:10:02:成功检测到串口-CC2640
2017-11-13 12:10:20:当前mac地址已存在:('2017-11-13 12:08:00', 'c8 b2 1e 1e 49 bf')
2017-11-13 12:10:23:当前mac地址已存在:('2017-11-13 12:10:20', 'c8 b2 1e 1e 49 bf')
2017-11-13 12:10:24:当前mac地址已存在:('2017-11-13 12:10:23', 'c8 b2 1e 1e 49 bf')
2017-11-13 12:10:26:当前mac地址已存在:('2017-11-13 12:10:24', 'c8 b2 1e 1e 49 bf')
2017-11-13 12:10:28:当前mac地址已存在:('2017-11-13 12:10:26', 'c8 b2 1e 1e 49 bf')
2017-11-13 12:10:30:当前mac地址已存在:('2017-11-13 12:10:28', 'c8 b2 1e 1e 49 bf')
2017-11-13 12:10:32:当前mac地址已存在:('2017-11-13 12:10:30', 'c8 b2 1e 1e 49 bf')
2017-11-13 12:10:34:当前mac地址已存在:('2017-11-13 12:10:32', 'c8 b2 1e 1e 49 bf')
2017-11-13 12:10:36:当前mac地址已存在:('2017-11-13 12:10:34', 'c8 b2 1e 1e 49 bf')
2017-11-13 12:15:03:打开软件MacSaver
2017-11-13 12:15:03:成功检测到串口-CC2640
2017-11-13 12:15:24:当前mac地址已存在:('2017-11-13 12:10:36', 'c8 b2 1e 1e 49 bf')
2017-11-13 12:15:26:当前mac地址已存在:('2017-11-13 12:15:24', 'c8 b2 1e 1e 49 bf')
2017-11-13 12:26:49:打开软件MacSaver
2017-11-13 12:26:50:成功检测到串口-CC2640
2017-11-13 12:28:30:打开软件MacSaver
2017-11-13 12:28:30:成功检测到串口-CC2640
2017-11-13 12:29:23:打开软件MacSaver
2017-11-13 12:29:24:成功检测到串口-CC2640
2017-11-13 12:29:40:当前mac地址已存在:('2017-11-13 12:29:38', 'c8 b2 1e 1e 49 c2')
2017-11-13 12:29:44:当前mac地址已存在:('2017-11-13 12:29:40', 'c8 b2 1e 1e 49 c2')
2017-11-13 12:29:46:当前mac地址已存在:('2017-11-13 12:29:44', 'c8 b2 1e 1e 49 c2')
2017-11-13 12:35:13:打开软件MacSaver
2017-11-13 12:35:13:成功检测到串口-CC2640
2017-11-13 12:35:36:当前mac地址已存在:('2017-11-13 12:15:26', 'c8 b2 1e 1e 49 bf')
2017-11-13 12:35:39:当前mac地址已存在:('2017-11-13 12:35:36', 'c8 b2 1e 1e 49 bf')
2017-11-13 12:35:40:当前mac地址已存在:('2017-11-13 12:35:39', 'c8 b2 1e 1e 49 bf')
2017-11-13 12:35:42:当前mac地址已存在:('2017-11-13 12:35:40', 'c8 b2 1e 1e 49 bf')
2017-11-13 12:36:41:打开软件MacSaver
2017-11-13 12:36:41:成功检测到串口-CC2640
2017-11-13 12:37:16:打开软件MacSaver
2017-11-13 12:37:16:成功检测到串口-CC2640
2017-11-13 12:37:34:当前mac地址已存在:('2017-11-13 12:35:42', 'c8 b2 1e 1e 49 bf')
2017-11-13 12:37:37:当前mac地址已存在:('2017-11-13 12:37:34', 'c8 b2 1e 1e 49 bf')
2017-11-13 12:37:38:当前mac地址已存在:('2017-11-13 12:37:37', 'c8 b2 1e 1e 49 bf')
2017-11-13 12:51:33:打开软件MacSaver
2017-11-13 12:51:34:成功检测到串口-CC2640
2017-11-13 12:52:03:当前mac地址已存在:('2017-11-13 12:52:00', 'c8 b2 1e 1e 49 c0')
2017-11-13 12:52:04:当前mac地址已存在:('2017-11-13 12:52:03', 'c8 b2 1e 1e 49 c0')
2017-11-13 12:52:06:当前mac地址已存在:('2017-11-13 12:52:04', 'c8 b2 1e 1e 49 c0')
2017-11-13 12:52:08:当前mac地址已存在:('2017-11-13 12:52:06', 'c8 b2 1e 1e 49 c0')
2017-11-13 12:52:10:当前mac地址已存在:('2017-11-13 12:52:08', 'c8 b2 1e 1e 49 c0')
2017-11-13 12:52:12:当前mac地址已存在:('2017-11-13 12:52:10', 'c8 b2 1e 1e 49 c0')
2017-11-13 12:52:14:当前mac地址已存在:('2017-11-13 12:52:12', 'c8 b2 1e 1e 49 c0')
2017-11-13 12:52:16:当前mac地址已存在:('2017-11-13 12:52:14', 'c8 b2 1e 1e 49 c0')
2017-11-13 12:52:18:当前mac地址已存在:('2017-11-13 12:52:16', 'c8 b2 1e 1e 49 c0')
2017-11-13 12:55:07:打开软件MacSaver
2017-11-13 12:55:08:成功检测到串口-CC2640
2017-11-13 12:55:41:当前mac地址已存在:('2017-11-13 12:55:38', 'c8 b2 1e 1e 49 c3')
2017-11-13 12:57:03:打开软件MacSaver
2017-11-13 12:57:03:成功检测到串口-CC2640
2017-11-13 12:58:50:打开软件MacSaver
2017-11-13 12:58:51:get_defualt_num异常：no such table: mac_address_table
2017-11-13 12:58:51:成功检测到串口-CC2640
2017-11-13 13:00:18:打开软件MacSaver
2017-11-13 13:00:18:get_defualt_num异常：no such table: mac_address_table
2017-11-13 13:00:19:成功检测到串口-CC2640
2017-11-13 13:31:01:打开软件MacSaver
2017-11-13 13:31:02:get_defualt_num异常：no such table: mac_address_table
2017-11-13 13:31:02:成功检测到串口-CC2640
2017-11-13 13:31:24:当前mac地址已存在:('2017-11-13 13:31:21', 'c8 b2 1e 1e 49 bf')
2017-11-13 13:31:35:当前mac地址已存在:('2017-11-13 13:31:33', 'c8 b2 1e 1e 49 c0')
2017-11-13 13:31:59:当前mac地址已存在:('2017-11-13 13:31:57', 'c8 b2 1e 1e 49 c1')
2017-11-13 13:32:01:当前mac地址已存在:('2017-11-13 13:31:59', 'c8 b2 1e 1e 49 c1')
2017-11-13 13:32:03:当前mac地址已存在:('2017-11-13 13:32:01', 'c8 b2 1e 1e 49 c1')
2017-11-13 13:32:05:当前mac地址已存在:('2017-11-13 13:32:03', 'c8 b2 1e 1e 49 c1')
2017-11-13 13:32:07:当前mac地址已存在:('2017-11-13 13:32:05', 'c8 b2 1e 1e 49 c1')
2017-11-13 13:32:09:当前mac地址已存在:('2017-11-13 13:32:07', 'c8 b2 1e 1e 49 c1')
2017-11-13 13:32:11:当前mac地址已存在:('2017-11-13 13:32:09', 'c8 b2 1e 1e 49 c1')
2017-11-13 13:32:33:打开软件MacSaver
2017-11-13 13:32:33:成功检测到串口-CC2640
2017-11-13 13:32:33:当前mac地址已存在:('2017-11-13 13:32:09', 'c8 b2 1e 1e 49 c1')
2017-11-13 13:32:36:此蓝牙设备已测试过，检查是否混料！c8 b2 1e 1e 49 c1
2017-11-13 13:32:36:当前mac地址已存在:('2017-11-13 13:32:33', 'c8 b2 1e 1e 49 c1')
2017-11-13 13:32:37:当前mac地址已存在:('2017-11-13 13:32:36', 'c8 b2 1e 1e 49 c1')
2017-11-13 13:32:39:当前mac地址已存在:('2017-11-13 13:32:37', 'c8 b2 1e 1e 49 c1')
2017-11-13 13:32:41:当前mac地址已存在:('2017-11-13 13:32:39', 'c8 b2 1e 1e 49 c1')
2017-11-13 13:32:57:当前mac地址已存在:('2017-11-13 13:31:35', 'c8 b2 1e 1e 49 c0')
2017-11-13 13:32:58:此蓝牙设备已测试过，检查是否混料！c8 b2 1e 1e 49 c0
2017-11-13 13:32:59:当前mac地址已存在:('2017-11-13 13:32:57', 'c8 b2 1e 1e 49 c0')
2017-11-13 13:33:01:当前mac地址已存在:('2017-11-13 13:32:59', 'c8 b2 1e 1e 49 c0')
2017-11-13 16:05:34:打开软件MacSaver
2017-11-13 16:15:51:打开软件MacSaver
2017-11-13 16:16:04:异常could not open port 'COM16': FileNotFoundError(2, '系统找不到指定的文件。', None, 2)
2017-11-13 16:16:05:异常could not open port 'COM16': OSError(22, '函数不正确。', None, 1)
2017-11-13 16:16:09:成功检测到串口-CC2640
2017-11-13 16:18:19:打开软件MacSaver
2017-11-13 16:18:19:get_defualt_num异常：no such table: mac_address_table
2017-11-13 16:18:19:成功检测到串口-CC2640
2017-11-13 16:18:22:当前mac地址已存在:('2017-11-13 16:18:20', 'c8 b2 1e 1e 4a 10')
2017-11-13 16:18:24:当前mac地址已存在:('2017-11-13 16:18:22', 'c8 b2 1e 1e 4a 10')
2017-11-13 16:18:26:当前mac地址已存在:('2017-11-13 16:18:24', 'c8 b2 1e 1e 4a 10')
2017-11-13 16:18:42:当前mac地址已存在:('2017-11-13 16:18:40', 'c8 b2 1e 1e 4a 06')
2017-11-13 16:19:22:当前mac地址已存在:('2017-11-13 16:19:04', 'c8 b2 1e 1e 4a 0f')
2017-11-13 16:19:23:此蓝牙设备已测试过，检查是否混料！c8 b2 1e 1e 4a 0f
2017-11-13 16:19:26:当前mac地址已存在:('2017-11-13 16:19:22', 'c8 b2 1e 1e 4a 0f')
2017-11-13 16:19:28:当前mac地址已存在:('2017-11-13 16:19:26', 'c8 b2 1e 1e 4a 0f')
2017-11-13 16:19:30:当前mac地址已存在:('2017-11-13 16:19:28', 'c8 b2 1e 1e 4a 0f')
2017-11-13 16:19:32:当前mac地址已存在:('2017-11-13 16:19:30', 'c8 b2 1e 1e 4a 0f')
2017-11-13 16:19:34:当前mac地址已存在:('2017-11-13 16:19:32', 'c8 b2 1e 1e 4a 0f')
2017-11-13 16:19:38:当前mac地址已存在:('2017-11-13 16:19:34', 'c8 b2 1e 1e 4a 0f')
2017-11-13 16:19:52:当前mac地址已存在:('2017-11-13 16:19:38', 'c8 b2 1e 1e 4a 0f')
2017-11-13 16:19:54:当前mac地址已存在:('2017-11-13 16:19:52', 'c8 b2 1e 1e 4a 0f')
2017-11-13 16:19:56:当前mac地址已存在:('2017-11-13 16:19:54', 'c8 b2 1e 1e 4a 0f')
2017-11-13 16:19:58:当前mac地址已存在:('2017-11-13 16:19:56', 'c8 b2 1e 1e 4a 0f')
2017-11-13 16:20:00:当前mac地址已存在:('2017-11-13 16:19:58', 'c8 b2 1e 1e 4a 0f')
2017-11-13 16:20:02:当前mac地址已存在:('2017-11-13 16:20:00', 'c8 b2 1e 1e 4a 0f')
2017-11-13 16:20:04:当前mac地址已存在:('2017-11-13 16:20:02', 'c8 b2 1e 1e 4a 0f')
2017-11-13 16:20:06:当前mac地址已存在:('2017-11-13 16:20:04', 'c8 b2 1e 1e 4a 0f')
2017-11-13 16:20:08:当前mac地址已存在:('2017-11-13 16:20:06', 'c8 b2 1e 1e 4a 0f')
2017-11-13 16:20:28:打开软件MacSaver
2017-11-13 16:20:29:成功检测到串口-CC2640
2017-11-13 16:20:30:当前mac地址已存在:('2017-11-13 16:20:08', 'c8 b2 1e 1e 4a 0f')
2017-11-13 16:20:31:此蓝牙设备已测试过，检查是否混料！c8 b2 1e 1e 4a 0f
2017-11-13 16:20:34:当前mac地址已存在:('2017-11-13 16:20:30', 'c8 b2 1e 1e 4a 0f')
2017-11-13 16:20:36:当前mac地址已存在:('2017-11-13 16:20:34', 'c8 b2 1e 1e 4a 0f')
2017-11-13 16:21:08:当前mac地址已存在:('2017-11-13 16:21:06', 'c8 b2 1e 1e 4a 16')
2017-11-13 16:21:24:当前mac地址已存在:('2017-11-13 16:21:22', 'c8 b2 1e 1e 4a 14')
2017-11-13 16:21:26:当前mac地址已存在:('2017-11-13 16:21:24', 'c8 b2 1e 1e 4a 14')
2017-11-13 16:22:15:打开软件MacSaver
2017-11-13 16:22:15:成功检测到串口-CC2640
2017-11-13 16:22:36:当前mac地址已存在:('2017-11-13 16:22:34', 'c8 b2 1e 1e 4a 0a')
2017-11-13 16:22:48:当前mac地址已存在:('2017-11-13 16:19:14', 'c8 b2 1e 1e 4a 19')
2017-11-13 16:22:49:此蓝牙设备已测试过，检查是否混料！c8 b2 1e 1e 4a 19
2017-11-13 16:22:52:当前mac地址已存在:('2017-11-13 16:22:48', 'c8 b2 1e 1e 4a 19')
2017-11-13 16:22:53:当前mac地址已存在:('2017-11-13 16:22:52', 'c8 b2 1e 1e 4a 19')
2017-11-13 16:26:54:打开软件MacSaver
2017-11-13 16:26:54:成功检测到串口-CC2640
2017-11-13 16:27:08:当前mac地址已存在:('2017-11-13 16:18:42', 'c8 b2 1e 1e 4a 06')
2017-11-13 16:27:45:打开软件MacSaver
2017-11-13 16:27:45:成功检测到串口-CC2640
2017-11-13 16:27:59:打开软件MacSaver
2017-11-13 16:27:59:成功检测到串口-CC2640
2017-11-13 16:28:23:异常could not open port 'COM16': PermissionError(13, '拒绝访问。', None, 5)
2017-11-13 16:28:24:异常：local variable 'ser' referenced before assignment
2017-11-13 16:28:34:打开软件MacSaver
2017-11-13 16:28:34:成功检测到串口-CC2640
2017-11-13 16:30:54:打开软件MacSaver
2017-11-13 16:30:54:异常could not open port 'COM16': PermissionError(13, '拒绝访问。', None, 5)
2017-11-13 16:30:54:异常：local variable 'ser' referenced before assignment
2017-11-13 16:31:04:打开软件MacSaver
2017-11-13 16:31:05:成功检测到串口-CC2640
2017-11-13 16:33:48:打开软件MacSaver
2017-11-13 16:33:49:成功检测到串口-CC2640
2017-11-13 16:34:21:成功检测到串口-CC2640
2017-11-13 16:35:28:打开软件MacSaver
2017-11-13 16:35:28:成功检测到串口-CC2640
2017-11-13 16:35:45:当前mac地址已存在:('2017-11-13 16:35:42', 'c8 b2 1e 1e 49 d0')
2017-11-13 16:35:46:当前mac地址已存在:('2017-11-13 16:35:45', 'c8 b2 1e 1e 49 d0')
2017-11-13 16:36:01:当前mac地址已存在:('2017-11-13 16:35:58', 'c8 b2 1e 1e 49 ba')
2017-11-13 16:36:04:打开软件MacSaver
2017-11-13 16:36:04:成功检测到串口-CC2640
2017-11-13 16:36:06:当前mac地址已存在:('2017-11-13 16:36:01', 'c8 b2 1e 1e 49 ba')
2017-11-13 16:36:07:此蓝牙设备已测试过，检查是否混料！c8 b2 1e 1e 49 ba
2017-11-13 16:36:10:当前mac地址已存在:('2017-11-13 16:36:06', 'c8 b2 1e 1e 49 ba')
2017-11-13 16:36:19:当前mac地址已存在:('2017-11-13 16:36:16', 'c8 b2 1e 1e 49 c2')
2017-11-13 16:36:20:当前mac地址已存在:('2017-11-13 16:36:19', 'c8 b2 1e 1e 49 c2')
2017-11-13 16:36:22:当前mac地址已存在:('2017-11-13 16:36:20', 'c8 b2 1e 1e 49 c2')
2017-11-13 16:36:24:当前mac地址已存在:('2017-11-13 16:36:22', 'c8 b2 1e 1e 49 c2')
2017-11-13 16:36:26:当前mac地址已存在:('2017-11-13 16:36:24', 'c8 b2 1e 1e 49 c2')
2017-11-13 16:37:00:当前mac地址已存在:('2017-11-13 16:34:03', 'c8 b2 1e 1e 49 cb')
2017-11-13 16:37:01:此蓝牙设备已测试过，检查是否混料！c8 b2 1e 1e 49 cb
2017-11-13 16:37:04:当前mac地址已存在:('2017-11-13 16:37:00', 'c8 b2 1e 1e 49 cb')
2017-11-13 16:37:17:当前mac地址已存在:('2017-11-13 16:37:14', 'c8 b2 1e 1e 49 d8')
2017-11-13 16:37:30:当前mac地址已存在:('2017-11-13 16:37:17', 'c8 b2 1e 1e 49 d8')
2017-11-13 16:37:32:当前mac地址已存在:('2017-11-13 16:37:30', 'c8 b2 1e 1e 49 d8')
2017-11-13 16:37:34:当前mac地址已存在:('2017-11-13 16:37:32', 'c8 b2 1e 1e 49 d8')
2017-11-13 16:38:36:打开软件MacSaver
2017-11-13 16:38:36:成功检测到串口-CC2640
2017-11-13 16:38:50:当前mac地址已存在:('2017-11-13 16:28:44', 'c8 b2 1e 1e 4a 07')
2017-11-13 16:38:51:此蓝牙设备已测试过，检查是否混料！c8 b2 1e 1e 4a 07
2017-11-13 16:39:00:当前mac地址已存在:('2017-11-13 16:38:50', 'c8 b2 1e 1e 4a 07')
2017-11-13 16:39:02:当前mac地址已存在:('2017-11-13 16:39:00', 'c8 b2 1e 1e 4a 07')
2017-11-13 16:39:44:打开软件MacSaver
2017-11-13 16:39:45:成功检测到串口-CC2640
2017-11-13 16:39:56:当前mac地址已存在:('2017-11-13 16:39:02', 'c8 b2 1e 1e 4a 07')
2017-11-13 16:39:57:此蓝牙设备已测试过，检查是否混料！c8 b2 1e 1e 4a 07
2017-11-13 16:40:08:当前mac地址已存在:('2017-11-13 16:39:56', 'c8 b2 1e 1e 4a 07')
2017-11-13 16:40:09:此蓝牙设备已测试过，检查是否混料！c8 b2 1e 1e 4a 07
2017-11-13 16:40:12:当前mac地址已存在:('2017-11-13 16:40:08', 'c8 b2 1e 1e 4a 07')
2017-11-13 16:40:14:此蓝牙设备已测试过，检查是否混料！c8 b2 1e 1e 4a 07
2017-11-13 16:40:17:当前mac地址已存在:('2017-11-13 16:40:12', 'c8 b2 1e 1e 4a 07')
2017-11-13 16:40:18:此蓝牙设备已测试过，检查是否混料！c8 b2 1e 1e 4a 07
2017-11-13 16:40:21:当前mac地址已存在:('2017-11-13 16:40:17', 'c8 b2 1e 1e 4a 07')
2017-11-13 16:40:23:此蓝牙设备已测试过，检查是否混料！c8 b2 1e 1e 4a 07
2017-11-13 16:40:26:当前mac地址已存在:('2017-11-13 16:40:21', 'c8 b2 1e 1e 4a 07')
2017-11-13 16:40:27:此蓝牙设备已测试过，检查是否混料！c8 b2 1e 1e 4a 07
2017-11-13 16:40:31:当前mac地址已存在:('2017-11-13 16:40:26', 'c8 b2 1e 1e 4a 07')
2017-11-13 16:40:32:此蓝牙设备已测试过，检查是否混料！c8 b2 1e 1e 4a 07
2017-11-13 16:40:35:当前mac地址已存在:('2017-11-13 16:40:31', 'c8 b2 1e 1e 4a 07')
2017-11-13 16:40:37:此蓝牙设备已测试过，检查是否混料！c8 b2 1e 1e 4a 07
2017-11-13 16:40:40:当前mac地址已存在:('2017-11-13 16:40:35', 'c8 b2 1e 1e 4a 07')
2017-11-13 16:40:41:此蓝牙设备已测试过，检查是否混料！c8 b2 1e 1e 4a 07
2017-11-13 16:40:44:当前mac地址已存在:('2017-11-13 16:40:40', 'c8 b2 1e 1e 4a 07')
2017-11-13 16:40:46:此蓝牙设备已测试过，检查是否混料！c8 b2 1e 1e 4a 07
2017-11-13 16:40:49:当前mac地址已存在:('2017-11-13 16:40:44', 'c8 b2 1e 1e 4a 07')
2017-11-13 16:40:50:此蓝牙设备已测试过，检查是否混料！c8 b2 1e 1e 4a 07
2017-11-13 16:40:53:当前mac地址已存在:('2017-11-13 16:40:49', 'c8 b2 1e 1e 4a 07')
2017-11-13 16:40:55:此蓝牙设备已测试过，检查是否混料！c8 b2 1e 1e 4a 07
2017-11-13 16:40:59:当前mac地址已存在:('2017-11-13 16:40:53', 'c8 b2 1e 1e 4a 07')
2017-11-13 16:41:00:此蓝牙设备已测试过，检查是否混料！c8 b2 1e 1e 4a 07
2017-11-13 16:41:04:当前mac地址已存在:('2017-11-13 16:40:59', 'c8 b2 1e 1e 4a 07')
2017-11-13 16:41:06:此蓝牙设备已测试过，检查是否混料！c8 b2 1e 1e 4a 07
2017-11-13 16:41:10:当前mac地址已存在:('2017-11-13 16:41:04', 'c8 b2 1e 1e 4a 07')
2017-11-13 16:41:11:此蓝牙设备已测试过，检查是否混料！c8 b2 1e 1e 4a 07
2017-11-13 16:41:15:当前mac地址已存在:('2017-11-13 16:41:10', 'c8 b2 1e 1e 4a 07')
2017-11-13 16:41:17:此蓝牙设备已测试过，检查是否混料！c8 b2 1e 1e 4a 07
2017-11-13 16:41:21:当前mac地址已存在:('2017-11-13 16:41:15', 'c8 b2 1e 1e 4a 07')
2017-11-13 16:41:23:此蓝牙设备已测试过，检查是否混料！c8 b2 1e 1e 4a 07
2017-11-13 16:41:27:当前mac地址已存在:('2017-11-13 16:41:21', 'c8 b2 1e 1e 4a 07')
2017-11-13 16:41:28:此蓝牙设备已测试过，检查是否混料！c8 b2 1e 1e 4a 07
2017-11-13 16:41:32:当前mac地址已存在:('2017-11-13 16:41:27', 'c8 b2 1e 1e 4a 07')
2017-11-13 16:41:34:此蓝牙设备已测试过，检查是否混料！c8 b2 1e 1e 4a 07
2017-11-13 16:41:38:当前mac地址已存在:('2017-11-13 16:41:32', 'c8 b2 1e 1e 4a 07')
2017-11-13 16:41:39:此蓝牙设备已测试过，检查是否混料！c8 b2 1e 1e 4a 07
2017-11-13 16:41:43:当前mac地址已存在:('2017-11-13 16:41:38', 'c8 b2 1e 1e 4a 07')
2017-11-13 16:41:45:此蓝牙设备已测试过，检查是否混料！c8 b2 1e 1e 4a 07
2017-11-13 16:41:49:当前mac地址已存在:('2017-11-13 16:41:43', 'c8 b2 1e 1e 4a 07')
2017-11-13 16:41:50:此蓝牙设备已测试过，检查是否混料！c8 b2 1e 1e 4a 07
2017-11-13 16:41:54:当前mac地址已存在:('2017-11-13 16:41:49', 'c8 b2 1e 1e 4a 07')
2017-11-13 16:41:56:此蓝牙设备已测试过，检查是否混料！c8 b2 1e 1e 4a 07
2017-11-13 16:42:00:当前mac地址已存在:('2017-11-13 16:41:54', 'c8 b2 1e 1e 4a 07')
2017-11-13 16:42:02:此蓝牙设备已测试过，检查是否混料！c8 b2 1e 1e 4a 07
2017-11-13 16:42:31:当前mac地址已存在:('2017-11-13 16:42:28', 'c8 b2 1e 1e 49 d9')
2017-11-13 16:42:32:当前mac地址已存在:('2017-11-13 16:42:31', 'c8 b2 1e 1e 49 d9')
2017-11-13 16:43:04:当前mac地址已存在:('2017-11-13 16:43:02', 'c8 b2 1e 1e 49 f4')
2017-11-13 16:43:06:当前mac地址已存在:('2017-11-13 16:43:04', 'c8 b2 1e 1e 49 f4')
2017-11-13 16:43:08:当前mac地址已存在:('2017-11-13 16:43:06', 'c8 b2 1e 1e 49 f4')
2017-11-13 16:43:09:此蓝牙设备已测试过，检查是否混料！c8 b2 1e 1e 49 f4
2017-11-13 16:43:12:当前mac地址已存在:('2017-11-13 16:43:08', 'c8 b2 1e 1e 49 f4')
2017-11-13 16:43:13:此蓝牙设备已测试过，检查是否混料！c8 b2 1e 1e 49 f4
2017-11-13 16:43:16:当前mac地址已存在:('2017-11-13 16:43:12', 'c8 b2 1e 1e 49 f4')
2017-11-13 16:45:30:打开软件MacSaver
2017-11-13 16:45:30:成功检测到串口-CC2640
2017-11-13 16:46:36:当前mac地址已存在:('2017-11-13 16:46:32', 'c8 b2 1e 5f 47 19')
2017-11-13 16:48:22:当前mac地址已存在:('2017-11-13 16:48:20', 'c8 b2 1e 17 b6 f5')
2017-11-13 16:48:24:当前mac地址已存在:('2017-11-13 16:48:22', 'c8 b2 1e 17 b6 f5')
2017-11-13 16:48:26:当前mac地址已存在:('2017-11-13 16:48:24', 'c8 b2 1e 17 b6 f5')
2017-11-13 16:48:27:此蓝牙设备已测试过，检查是否混料！c8 b2 1e 17 b6 f5
2017-11-13 16:48:40:当前mac地址已存在:('2017-11-13 16:48:38', 'c8 b2 1e 61 34 65')
2017-11-13 16:49:06:当前mac地址已存在:('2017-11-13 16:49:04', 'c8 b2 1e 17 a9 21')
2017-11-13 16:49:50:当前mac地址已存在:('2017-11-13 16:49:06', 'c8 b2 1e 17 a9 21')
2017-11-13 16:49:51:此蓝牙设备已测试过，检查是否混料！c8 b2 1e 17 a9 21
2017-11-13 16:49:54:当前mac地址已存在:('2017-11-13 16:49:50', 'c8 b2 1e 17 a9 21')
2017-11-13 16:49:56:此蓝牙设备已测试过，检查是否混料！c8 b2 1e 17 a9 21
2017-11-13 16:50:00:当前mac地址已存在:('2017-11-13 16:49:54', 'c8 b2 1e 17 a9 21')
2017-11-13 16:50:01:此蓝牙设备已测试过，检查是否混料！c8 b2 1e 17 a9 21
2017-11-13 16:50:04:当前mac地址已存在:('2017-11-13 16:50:00', 'c8 b2 1e 17 a9 21')
2017-11-13 16:50:06:此蓝牙设备已测试过，检查是否混料！c8 b2 1e 17 a9 21
2017-11-13 16:50:36:当前mac地址已存在:('2017-11-13 16:50:22', 'c8 b2 1e 1e 49 f0')
2017-11-13 16:50:37:此蓝牙设备已测试过，检查是否混料！c8 b2 1e 1e 49 f0
2017-11-13 16:50:40:当前mac地址已存在:('2017-11-13 16:50:36', 'c8 b2 1e 1e 49 f0')
2017-11-13 16:50:42:此蓝牙设备已测试过，检查是否混料！c8 b2 1e 1e 49 f0
2017-11-13 16:50:45:打开软件MacSaver
2017-11-13 16:50:46:成功检测到串口-CC2640
2017-11-13 16:50:54:当前mac地址已存在:('2017-11-13 16:50:40', 'c8 b2 1e 1e 49 f0')
2017-11-13 16:50:59:此蓝牙设备已测试过，检查是否混料！c8 b2 1e 1e 49 f0
2017-11-13 16:51:02:当前mac地址已存在:('2017-11-13 16:50:54', 'c8 b2 1e 1e 49 f0')
2017-11-13 16:51:04:此蓝牙设备已测试过，检查是否混料！c8 b2 1e 1e 49 f0
2017-11-13 16:51:07:当前mac地址已存在:('2017-11-13 16:51:02', 'c8 b2 1e 1e 49 f0')
2017-11-13 16:51:10:此蓝牙设备已测试过，检查是否混料！c8 b2 1e 1e 49 f0
2017-11-13 16:51:13:当前mac地址已存在:('2017-11-13 16:51:07', 'c8 b2 1e 1e 49 f0')
2017-11-13 16:51:15:此蓝牙设备已测试过，检查是否混料！c8 b2 1e 1e 49 f0
2017-11-13 16:51:19:当前mac地址已存在:('2017-11-13 16:51:13', 'c8 b2 1e 1e 49 f0')
2017-11-13 16:51:22:此蓝牙设备已测试过，检查是否混料！c8 b2 1e 1e 49 f0
2017-11-13 16:51:26:当前mac地址已存在:('2017-11-13 16:51:19', 'c8 b2 1e 1e 49 f0')
2017-11-13 16:51:28:此蓝牙设备已测试过，检查是否混料！c8 b2 1e 1e 49 f0
2017-11-13 16:51:32:当前mac地址已存在:('2017-11-13 16:51:26', 'c8 b2 1e 1e 49 f0')
2017-11-13 16:51:35:此蓝牙设备已测试过，检查是否混料！c8 b2 1e 1e 49 f0
2017-11-13 16:51:39:当前mac地址已存在:('2017-11-13 16:51:32', 'c8 b2 1e 1e 49 f0')
2017-11-13 16:51:41:此蓝牙设备已测试过，检查是否混料！c8 b2 1e 1e 49 f0
2017-11-13 16:51:45:当前mac地址已存在:('2017-11-13 16:51:39', 'c8 b2 1e 1e 49 f0')
2017-11-13 16:51:48:此蓝牙设备已测试过，检查是否混料！c8 b2 1e 1e 49 f0
2017-11-13 16:53:04:打开软件MacSaver
2017-11-13 16:53:05:异常could not open port 'COM16': PermissionError(13, '拒绝访问。', None, 5)
2017-11-13 16:53:05:异常：local variable 'ser' referenced before assignment
2017-11-13 16:53:09:成功检测到串口-CC2640
2017-11-13 16:53:14:当前mac地址已存在:('2017-11-13 16:51:45', 'c8 b2 1e 1e 49 f0')
2017-11-13 16:53:33:此蓝牙设备已测试过，检查是否混料！c8 b2 1e 1e 49 f0
2017-11-13 16:53:36:当前mac地址已存在:('2017-11-13 16:53:14', 'c8 b2 1e 1e 49 f0')
2017-11-13 16:53:37:当前mac地址已存在:('2017-11-13 16:53:36', 'c8 b2 1e 1e 49 f0')
2017-11-13 16:53:38:当前mac地址已存在:('2017-11-13 16:53:37', 'c8 b2 1e 1e 49 f0')
2017-11-13 16:53:38:当前mac地址已存在:('2017-11-13 16:53:38', 'c8 b2 1e 1e 49 f0')
2017-11-13 16:53:39:当前mac地址已存在:('2017-11-13 16:53:38', 'c8 b2 1e 1e 49 f0')
2017-11-13 16:53:41:此蓝牙设备已测试过，检查是否混料！c8 b2 1e 1e 49 f0
2017-11-13 16:53:48:当前mac地址已存在:('2017-11-13 16:53:44', 'c8 b2 1e 1e 49 cc')
2017-11-13 16:54:04:当前mac地址已存在:('2017-11-13 16:54:02', 'c8 b2 1e 1e 49 bc')
2017-11-13 16:54:16:当前mac地址已存在:('2017-11-13 16:54:13', 'c8 b2 1e 1e 49 bd')
2017-11-13 16:54:42:当前mac地址已存在:('2017-11-13 16:54:04', 'c8 b2 1e 1e 49 bc')
2017-11-13 16:54:44:此蓝牙设备已测试过，检查是否混料！c8 b2 1e 1e 49 bc
2017-11-13 16:54:47:当前mac地址已存在:('2017-11-13 16:54:42', 'c8 b2 1e 1e 49 bc')
2017-11-13 16:54:59:当前mac地址已存在:('2017-11-13 16:54:16', 'c8 b2 1e 1e 49 bd')
2017-11-13 16:55:02:此蓝牙设备已测试过，检查是否混料！c8 b2 1e 1e 49 bd
2017-11-13 16:55:05:当前mac地址已存在:('2017-11-13 16:54:59', 'c8 b2 1e 1e 49 bd')
2017-11-13 16:55:05:当前mac地址已存在:('2017-11-13 16:55:05', 'c8 b2 1e 1e 49 bd')
2017-11-13 16:55:06:当前mac地址已存在:('2017-11-13 16:55:05', 'c8 b2 1e 1e 49 bd')
2017-11-13 16:55:07:当前mac地址已存在:('2017-11-13 16:55:06', 'c8 b2 1e 1e 49 bd')
2017-11-13 16:55:10:此蓝牙设备已测试过，检查是否混料！c8 b2 1e 1e 49 bd
2017-11-13 16:55:13:当前mac地址已存在:('2017-11-13 16:55:07', 'c8 b2 1e 1e 49 bd')
2017-11-13 16:56:28:当前mac地址已存在:('2017-11-13 16:56:25', 'c8 b2 1e 1e 49 d1')
2017-11-13 16:56:29:当前mac地址已存在:('2017-11-13 16:56:28', 'c8 b2 1e 1e 49 d1')
2017-11-13 16:56:31:当前mac地址已存在:('2017-11-13 16:56:29', 'c8 b2 1e 1e 49 d1')
2017-11-13 16:56:34:此蓝牙设备已测试过，检查是否混料！c8 b2 1e 1e 49 d1
2017-11-13 16:56:37:当前mac地址已存在:('2017-11-13 16:56:31', 'c8 b2 1e 1e 49 d1')
2017-11-13 16:56:48:当前mac地址已存在:('2017-11-13 16:56:45', 'c8 b2 1e 1e 49 db')
2017-11-13 17:07:31:打开软件MacSaver
2017-11-13 17:07:31:成功检测到串口-CC2640
2017-11-13 17:07:55:成功检测到串口-CC2640
2017-11-13 17:07:57:当前mac地址已存在:('2017-11-13 16:53:39', 'c8 b2 1e 1e 49 f0')
2017-11-13 17:08:00:此蓝牙设备已测试过，检查是否混料！c8 b2 1e 1e 49 f0
2017-11-13 17:08:03:当前mac地址已存在:('2017-11-13 17:07:57', 'c8 b2 1e 1e 49 f0')
2017-11-13 17:08:04:当前mac地址已存在:('2017-11-13 17:08:03', 'c8 b2 1e 1e 49 f0')
2017-11-13 17:08:05:当前mac地址已存在:('2017-11-13 17:08:04', 'c8 b2 1e 1e 49 f0')
2017-11-13 17:08:07:此蓝牙设备已测试过，检查是否混料！c8 b2 1e 1e 49 f0
2017-11-13 17:08:10:当前mac地址已存在:('2017-11-13 17:08:05', 'c8 b2 1e 1e 49 f0')
2017-11-13 17:08:11:当前mac地址已存在:('2017-11-13 17:08:10', 'c8 b2 1e 1e 49 f0')
2017-11-13 17:08:13:当前mac地址已存在:('2017-11-13 17:08:11', 'c8 b2 1e 1e 49 f0')
2017-11-13 17:08:15:此蓝牙设备已测试过，检查是否混料！c8 b2 1e 1e 49 f0
2017-11-13 17:08:18:当前mac地址已存在:('2017-11-13 17:08:13', 'c8 b2 1e 1e 49 f0')
2017-11-13 17:08:36:当前mac地址已存在:('2017-11-13 17:08:33', 'c8 b2 1e 1e 49 e3')
2017-11-13 17:08:37:当前mac地址已存在:('2017-11-13 17:08:36', 'c8 b2 1e 1e 49 e3')
2017-11-13 17:08:39:当前mac地址已存在:('2017-11-13 17:08:37', 'c8 b2 1e 1e 49 e3')
2017-11-13 17:09:39:打开软件MacSaver
2017-11-13 17:09:39:成功检测到串口-CC2640
2017-11-13 17:09:45:当前mac地址已存在:('2017-11-13 17:08:39', 'c8 b2 1e 1e 49 e3')
2017-11-13 17:09:48:此蓝牙设备已测试过，检查是否混料！c8 b2 1e 1e 49 e3
2017-11-13 17:09:51:当前mac地址已存在:('2017-11-13 17:09:45', 'c8 b2 1e 1e 49 e3')
2017-11-13 18:54:34:打开软件MacSaver
2017-11-13 18:54:34:成功检测到串口-CC2640
2017-11-13 18:56:26:打开软件MacSaver
2017-11-13 18:56:26:成功检测到串口-CC2640
2017-11-13 19:07:30:打开软件MacSaver
2017-11-13 19:07:30:成功检测到串口-CC2640
2017-11-13 19:53:41:打开软件MacSaver
2017-11-13 19:54:38:打开软件MacSaver
2017-11-13 19:54:49:打开软件MacSaver
2017-11-13 19:55:02:打开软件MacSaver
2017-11-13 19:55:18:打开软件MacSaver
2017-11-13 19:55:19:成功检测到串口-CC2640
2017-11-13 19:55:39:当前mac地址已存在:('2017-11-13 19:55:37', 'c8 b2 1e 1e 49 f3')
2017-11-13 19:55:41:当前mac地址已存在:('2017-11-13 19:55:39', 'c8 b2 1e 1e 49 f3')
2017-11-13 19:55:42:此蓝牙设备已测试过，检查是否混料！c8 b2 1e 1e 49 f3
2017-11-13 19:55:45:当前mac地址已存在:('2017-11-13 19:55:41', 'c8 b2 1e 1e 49 f3')
2017-11-13 19:55:47:当前mac地址已存在:('2017-11-13 19:55:45', 'c8 b2 1e 1e 49 f3')
2017-11-13 19:55:47:当前mac地址已存在:('2017-11-13 19:55:47', 'c8 b2 1e 1e 49 f3')
2017-11-13 19:55:49:当前mac地址已存在:('2017-11-13 19:55:47', 'c8 b2 1e 1e 49 f3')
2017-11-13 19:55:50:此蓝牙设备已测试过，检查是否混料！c8 b2 1e 1e 49 f3
2017-11-13 19:55:53:当前mac地址已存在:('2017-11-13 19:55:49', 'c8 b2 1e 1e 49 f3')
2017-11-13 19:55:55:当前mac地址已存在:('2017-11-13 19:55:53', 'c8 b2 1e 1e 49 f3')
2017-11-13 19:55:55:当前mac地址已存在:('2017-11-13 19:55:55', 'c8 b2 1e 1e 49 f3')
2017-11-13 19:55:57:当前mac地址已存在:('2017-11-13 19:55:55', 'c8 b2 1e 1e 49 f3')
2017-11-13 19:55:58:此蓝牙设备已测试过，检查是否混料！c8 b2 1e 1e 49 f3
2017-11-13 19:56:01:当前mac地址已存在:('2017-11-13 19:55:57', 'c8 b2 1e 1e 49 f3')
2017-11-13 19:56:03:当前mac地址已存在:('2017-11-13 19:56:01', 'c8 b2 1e 1e 49 f3')
2017-11-13 19:56:03:当前mac地址已存在:('2017-11-13 19:56:03', 'c8 b2 1e 1e 49 f3')
2017-11-13 19:56:05:当前mac地址已存在:('2017-11-13 19:56:03', 'c8 b2 1e 1e 49 f3')
2017-11-13 19:56:06:此蓝牙设备已测试过，检查是否混料！c8 b2 1e 1e 49 f3
2017-11-13 19:57:26:打开软件MacSaver
2017-11-13 19:57:27:成功检测到串口-CC2640
2017-11-13 19:57:37:当前mac地址已存在:('2017-11-13 19:56:05', 'c8 b2 1e 1e 49 f3')
2017-11-13 19:57:40:此蓝牙设备已测试过，检查是否混料！c8 b2 1e 1e 49 f3
2017-11-13 19:57:43:当前mac地址已存在:('2017-11-13 19:57:37', 'c8 b2 1e 1e 49 f3')
2017-11-13 19:57:43:当前mac地址已存在:('2017-11-13 19:57:43', 'c8 b2 1e 1e 49 f3')
2017-11-13 19:57:44:当前mac地址已存在:('2017-11-13 19:57:43', 'c8 b2 1e 1e 49 f3')
2017-11-13 19:57:45:当前mac地址已存在:('2017-11-13 19:57:44', 'c8 b2 1e 1e 49 f3')
2017-11-13 19:57:46:此蓝牙设备已测试过，检查是否混料！c8 b2 1e 1e 49 f3
2017-11-13 19:57:49:当前mac地址已存在:('2017-11-13 19:57:45', 'c8 b2 1e 1e 49 f3')
2017-11-13 19:57:51:当前mac地址已存在:('2017-11-13 19:57:49', 'c8 b2 1e 1e 49 f3')
2017-11-13 19:57:51:当前mac地址已存在:('2017-11-13 19:57:51', 'c8 b2 1e 1e 49 f3')
2017-11-13 19:57:53:当前mac地址已存在:('2017-11-13 19:57:51', 'c8 b2 1e 1e 49 f3')
2017-11-13 19:57:54:此蓝牙设备已测试过，检查是否混料！c8 b2 1e 1e 49 f3
2017-11-13 19:57:57:当前mac地址已存在:('2017-11-13 19:57:53', 'c8 b2 1e 1e 49 f3')
2017-11-13 19:57:59:当前mac地址已存在:('2017-11-13 19:57:57', 'c8 b2 1e 1e 49 f3')
2017-11-13 19:57:59:当前mac地址已存在:('2017-11-13 19:57:59', 'c8 b2 1e 1e 49 f3')
2017-11-13 19:58:01:当前mac地址已存在:('2017-11-13 19:57:59', 'c8 b2 1e 1e 49 f3')
2017-11-13 19:58:02:此蓝牙设备已测试过，检查是否混料！c8 b2 1e 1e 49 f3
2017-11-13 19:58:05:当前mac地址已存在:('2017-11-13 19:58:01', 'c8 b2 1e 1e 49 f3')
2017-11-13 19:58:06:当前mac地址已存在:('2017-11-13 19:58:05', 'c8 b2 1e 1e 49 f3')
2017-11-13 19:58:07:当前mac地址已存在:('2017-11-13 19:58:06', 'c8 b2 1e 1e 49 f3')
2017-11-13 19:58:08:此蓝牙设备已测试过，检查是否混料！c8 b2 1e 1e 49 f3
2017-11-13 19:58:11:当前mac地址已存在:('2017-11-13 19:58:07', 'c8 b2 1e 1e 49 f3')
2017-11-13 19:58:13:当前mac地址已存在:('2017-11-13 19:58:11', 'c8 b2 1e 1e 49 f3')
2017-11-13 19:58:13:当前mac地址已存在:('2017-11-13 19:58:13', 'c8 b2 1e 1e 49 f3')
2017-11-13 19:58:15:当前mac地址已存在:('2017-11-13 19:58:13', 'c8 b2 1e 1e 49 f3')
2017-11-13 19:58:16:此蓝牙设备已测试过，检查是否混料！c8 b2 1e 1e 49 f3
2017-11-13 19:58:19:当前mac地址已存在:('2017-11-13 19:58:15', 'c8 b2 1e 1e 49 f3')
2017-11-13 19:58:20:当前mac地址已存在:('2017-11-13 19:58:19', 'c8 b2 1e 1e 49 f3')
2017-11-13 19:58:21:当前mac地址已存在:('2017-11-13 19:58:20', 'c8 b2 1e 1e 49 f3')
2017-11-13 19:58:22:此蓝牙设备已测试过，检查是否混料！c8 b2 1e 1e 49 f3
2017-11-13 19:58:53:当前mac地址已存在:('2017-11-13 19:58:21', 'c8 b2 1e 1e 49 f3')
2017-11-13 19:58:54:此蓝牙设备已测试过，检查是否混料！c8 b2 1e 1e 49 f3
2017-11-13 19:58:57:当前mac地址已存在:('2017-11-13 19:58:53', 'c8 b2 1e 1e 49 f3')
2017-11-13 19:58:59:当前mac地址已存在:('2017-11-13 19:58:57', 'c8 b2 1e 1e 49 f3')
2017-11-13 20:00:09:打开软件MacSaver
2017-11-13 20:00:09:成功检测到串口-CC2640
2017-11-13 20:00:31:当前mac地址已存在:('2017-11-13 20:00:29', 'c8 b2 1e 1e 4a 12')
2017-11-13 20:00:33:当前mac地址已存在:('2017-11-13 20:00:31', 'c8 b2 1e 1e 4a 12')
2017-11-13 20:00:34:此蓝牙设备已测试过，检查是否混料！c8 b2 1e 1e 4a 12
2017-11-13 20:05:40:打开软件MacSaver
2017-11-13 20:05:41:异常could not open port 'COM25': PermissionError(13, '拒绝访问。', None, 5)
2017-11-13 20:05:41:异常：local variable 'ser' referenced before assignment
2017-11-13 20:05:57:当前mac地址已存在:('2017-11-13 20:00:33', 'c8 b2 1e 1e 4a 12')
2017-11-13 20:05:58:此蓝牙设备已测试过，检查是否混料！c8 b2 1e 1e 4a 12
2017-11-13 20:06:01:当前mac地址已存在:('2017-11-13 20:05:57', 'c8 b2 1e 1e 4a 12')
2017-11-13 20:06:02:当前mac地址已存在:('2017-11-13 20:06:01', 'c8 b2 1e 1e 4a 12')
2017-11-13 20:06:12:打开软件MacSaver
2017-11-13 20:06:12:成功检测到串口-CC2640
2017-11-13 20:06:29:当前mac地址已存在:('2017-11-13 20:06:02', 'c8 b2 1e 1e 4a 12')
2017-11-13 20:06:33:此蓝牙设备已测试过，检查是否混料！c8 b2 1e 1e 4a 12
2017-11-13 20:06:36:当前mac地址已存在:('2017-11-13 20:06:29', 'c8 b2 1e 1e 4a 12')
2017-11-13 20:06:37:当前mac地址已存在:('2017-11-13 20:06:36', 'c8 b2 1e 1e 4a 12')
2017-11-13 20:06:47:当前mac地址已存在:('2017-11-13 16:36:26', 'c8 b2 1e 1e 49 c2')
2017-11-13 20:06:50:此蓝牙设备已测试过，检查是否混料！c8 b2 1e 1e 49 c2
2017-11-13 20:06:53:当前mac地址已存在:('2017-11-13 20:06:47', 'c8 b2 1e 1e 49 c2')
2017-11-13 20:06:59:当前mac地址已存在:('2017-11-13 16:22:36', 'c8 b2 1e 1e 4a 0a')
2017-11-13 20:07:02:此蓝牙设备已测试过，检查是否混料！c8 b2 1e 1e 4a 0a
2017-11-13 20:07:05:当前mac地址已存在:('2017-11-13 20:06:59', 'c8 b2 1e 1e 4a 0a')
2017-11-13 20:12:11:打开软件MacSaver
2017-11-13 20:12:12:成功检测到串口-CC2640
2017-11-13 20:12:21:当前mac地址已存在:('2017-11-13 16:27:08', 'c8 b2 1e 1e 4a 06')
2017-11-13 20:12:24:此蓝牙设备已测试过，检查是否混料！c8 b2 1e 1e 4a 06
2017-11-13 20:12:27:当前mac地址已存在:('2017-11-13 20:12:21', 'c8 b2 1e 1e 4a 06')
2017-11-13 20:12:28:当前mac地址已存在:('2017-11-13 20:12:27', 'c8 b2 1e 1e 4a 06')
2017-11-13 20:12:59:打开软件MacSaver
2017-11-13 20:12:59:成功检测到串口-CC2640
2017-11-13 20:13:09:当前mac地址已存在:('2017-11-13 20:12:28', 'c8 b2 1e 1e 4a 06')
2017-11-13 20:13:13:此蓝牙设备已测试过，检查是否混料！c8 b2 1e 1e 4a 06
2017-11-13 20:13:16:当前mac地址已存在:('2017-11-13 20:13:09', 'c8 b2 1e 1e 4a 06')
2017-11-13 20:13:17:当前mac地址已存在:('2017-11-13 20:13:16', 'c8 b2 1e 1e 4a 06')
